2025-01-29 16:48:55,869 - pages.Buy_Without_Login - INFO - Product added to cart.
2025-01-29 16:48:57,424 - pages.Buy_Without_Login - INFO - Clicked on checkout.
2025-01-29 16:48:58,939 - pages.Buy_Without_Login - INFO - Selected guest account and proceeded.
2025-01-29 16:49:01,974 - pages.Buy_Without_Login - INFO - Entered guest details successfully.
2025-01-29 16:49:02,113 - pages.Buy_Without_Login - INFO - Confirmed checkout.
2025-01-30 15:01:26,856 - pages.Buy_Without_Login - INFO - Product added to cart.
2025-01-30 15:01:28,963 - pages.Buy_Without_Login - INFO - Clicked on checkout.
2025-01-30 15:01:31,016 - pages.Buy_Without_Login - INFO - Selected guest account and proceeded.
2025-01-30 15:01:36,695 - pages.Buy_Without_Login - INFO - Entered guest details successfully.
2025-01-30 15:01:36,992 - pages.Buy_Without_Login - INFO - Confirmed checkout.
2025-01-30 15:41:20,775 - pages.Buy_Without_Login - INFO - Product added to cart.
2025-01-30 15:41:22,713 - pages.Buy_Without_Login - INFO - Clicked on checkout.
2025-01-30 15:41:24,951 - pages.Buy_Without_Login - INFO - Selected guest account and proceeded.
2025-01-30 15:41:29,866 - pages.Buy_Without_Login - INFO - Entered guest details successfully.
2025-01-30 15:41:30,168 - pages.Buy_Without_Login - INFO - Confirmed checkout.
2025-01-30 15:44:42,006 - pages.Buy_Without_Login - INFO - Product added to cart.
2025-01-30 15:44:43,838 - pages.Buy_Without_Login - INFO - Clicked on checkout.
2025-01-30 15:44:45,680 - pages.Buy_Without_Login - INFO - Selected guest account and proceeded.
2025-01-30 15:44:49,964 - pages.Buy_Without_Login - INFO - Entered guest details successfully.
2025-01-30 15:44:50,278 - pages.Buy_Without_Login - INFO - Confirmed checkout.
2025-01-30 16:53:37,471 - pages.Buy_Without_Login - INFO - Product added to cart.
2025-01-30 16:53:39,270 - pages.Buy_Without_Login - INFO - Clicked on checkout.
2025-01-30 16:53:41,487 - pages.Buy_Without_Login - INFO - Selected guest account and proceeded.
2025-01-30 16:53:45,060 - pages.Buy_Without_Login - INFO - Entered guest details successfully.
2025-01-30 16:53:45,254 - pages.Buy_Without_Login - INFO - Confirmed checkout.
2025-01-30 18:21:48,718 - pages.Buy_Without_Login - INFO - Product added to cart.
2025-01-30 18:21:51,166 - pages.Buy_Without_Login - INFO - Clicked on checkout.
2025-01-30 18:21:53,997 - pages.Buy_Without_Login - INFO - Selected guest account and proceeded.
2025-01-30 18:25:45,664 - pages.Buy_Without_Login - INFO - Product added to cart.
2025-01-30 18:25:47,713 - pages.Buy_Without_Login - INFO - Clicked on checkout.
2025-01-30 18:25:49,728 - pages.Buy_Without_Login - INFO - Selected guest account and proceeded.
2025-01-30 18:25:54,882 - pages.Buy_Without_Login - INFO - Entered guest details successfully.
2025-01-30 18:25:55,162 - pages.Buy_Without_Login - INFO - Confirmed checkout.
2025-01-30 21:28:09,407 - pages.Buy_Without_Login - INFO - Product added to cart.
2025-01-30 21:28:11,251 - pages.Buy_Without_Login - INFO - Clicked on checkout.
2025-01-30 21:28:13,158 - pages.Buy_Without_Login - INFO - Selected guest account and proceeded.
2025-01-30 21:28:17,128 - pages.Buy_Without_Login - INFO - Entered guest details successfully.
2025-01-30 21:28:17,283 - pages.Buy_Without_Login - INFO - Confirmed checkout.
2025-01-30 21:34:08,791 - pages.Buy_Without_Login - INFO - Product added to cart.
2025-01-30 21:34:11,522 - pages.Buy_Without_Login - INFO - Clicked on checkout.
2025-01-30 21:34:13,484 - pages.Buy_Without_Login - INFO - Selected guest account and proceeded.
2025-01-30 21:34:18,038 - pages.Buy_Without_Login - INFO - Entered guest details successfully.
2025-01-30 21:34:18,275 - pages.Buy_Without_Login - INFO - Confirmed checkout.
2025-01-31 15:26:02,074 - pages.Buy_Without_Login - INFO - Product added to cart.
2025-01-31 15:26:04,421 - pages.Buy_Without_Login - INFO - Clicked on checkout.
2025-01-31 15:26:06,407 - pages.Buy_Without_Login - INFO - Selected guest account and proceeded.
2025-01-31 15:26:11,097 - pages.Buy_Without_Login - INFO - Entered guest details successfully.
2025-01-31 15:26:11,387 - pages.Buy_Without_Login - INFO - Confirmed checkout.
2025-01-31 15:27:28,081 - pages.Buy_Without_Login - INFO - Product added to cart.
2025-01-31 15:27:29,890 - pages.Buy_Without_Login - INFO - Clicked on checkout.
2025-01-31 15:27:31,746 - pages.Buy_Without_Login - INFO - Selected guest account and proceeded.
2025-01-31 15:27:36,072 - pages.Buy_Without_Login - INFO - Entered guest details successfully.
2025-01-31 15:27:36,314 - pages.Buy_Without_Login - INFO - Confirmed checkout.
2025-01-31 17:48:09,520 - pages.Buy_Without_Login - INFO - Product added to cart.
2025-01-31 17:48:12,687 - pages.Buy_Without_Login - INFO - Clicked on checkout.
2025-01-31 17:48:14,666 - pages.Buy_Without_Login - INFO - Selected guest account and proceeded.
2025-01-31 17:48:19,142 - pages.Buy_Without_Login - INFO - Entered guest details successfully.
2025-01-31 17:48:19,408 - pages.Buy_Without_Login - INFO - Confirmed checkout.
2025-01-31 19:31:44,077 - pages.Buy_Without_Login - INFO - Product added to cart.
2025-01-31 19:31:46,054 - pages.Buy_Without_Login - INFO - Clicked on checkout.
2025-01-31 19:31:48,062 - pages.Buy_Without_Login - INFO - Selected guest account and proceeded.
2025-01-31 19:31:53,220 - pages.Buy_Without_Login - INFO - Entered guest details successfully.
2025-01-31 19:31:53,444 - pages.Buy_Without_Login - INFO - Confirmed checkout.
2025-01-31 19:33:26,129 - pages.Buy_Without_Login - INFO - Product added to cart.
2025-01-31 19:33:28,140 - pages.Buy_Without_Login - INFO - Clicked on checkout.
2025-01-31 19:33:30,328 - pages.Buy_Without_Login - INFO - Selected guest account and proceeded.
2025-01-31 19:33:34,542 - pages.Buy_Without_Login - INFO - Entered guest details successfully.
2025-01-31 19:33:34,789 - pages.Buy_Without_Login - INFO - Confirmed checkout.
2025-01-31 19:37:09,850 - pages.Buy_Without_Login - INFO - Product added to cart.
2025-01-31 19:37:11,748 - pages.Buy_Without_Login - INFO - Clicked on checkout.
2025-01-31 19:37:13,651 - pages.Buy_Without_Login - INFO - Selected guest account and proceeded.
2025-01-31 19:37:18,575 - pages.Buy_Without_Login - INFO - Entered guest details successfully.
2025-01-31 19:37:18,850 - pages.Buy_Without_Login - INFO - Confirmed checkout.
2025-01-31 19:39:48,466 - pages.Buy_Without_Login - INFO - Product added to cart.
2025-01-31 19:39:50,460 - pages.Buy_Without_Login - INFO - Clicked on checkout.
2025-01-31 19:39:52,310 - pages.Buy_Without_Login - INFO - Selected guest account and proceeded.
2025-01-31 19:39:57,373 - pages.Buy_Without_Login - INFO - Entered guest details successfully.
2025-01-31 19:39:57,679 - pages.Buy_Without_Login - INFO - Confirmed checkout.
2025-02-02 16:22:23,392 - pages.Buy_Without_Login - INFO - Product added to cart.
2025-02-02 16:22:25,278 - pages.Buy_Without_Login - INFO - Clicked on checkout.
2025-02-02 16:22:27,160 - pages.Buy_Without_Login - INFO - Selected guest account and proceeded.
2025-02-02 16:22:31,672 - pages.Buy_Without_Login - INFO - Entered guest details successfully.
2025-02-02 16:22:31,902 - pages.Buy_Without_Login - INFO - Confirmed checkout.
2025-02-02 18:14:28,233 - pages.Buy_Without_Login - INFO - Product added to cart.
2025-02-02 18:14:30,165 - pages.Buy_Without_Login - INFO - Clicked on checkout.
2025-02-02 18:14:32,022 - pages.Buy_Without_Login - INFO - Selected guest account and proceeded.
2025-02-02 18:14:36,712 - pages.Buy_Without_Login - INFO - Entered guest details successfully.
2025-02-02 18:14:37,013 - pages.Buy_Without_Login - INFO - Confirmed checkout.
2025-02-02 18:37:52,447 - pages.Buy_Without_Login - INFO - Product added to cart.
2025-02-02 18:37:54,285 - pages.Buy_Without_Login - INFO - Clicked on checkout.
2025-02-02 18:37:56,169 - pages.Buy_Without_Login - INFO - Selected guest account and proceeded.
2025-02-02 18:38:00,953 - pages.Buy_Without_Login - INFO - Entered guest details successfully.
2025-02-02 18:38:01,264 - pages.Buy_Without_Login - INFO - Confirmed checkout.
2025-02-02 19:11:04,851 - pages.Buy_Without_Login - INFO - Product added to cart.
2025-02-02 19:11:07,138 - pages.Buy_Without_Login - INFO - Clicked on checkout.
2025-02-02 19:11:08,685 - pages.Buy_Without_Login - INFO - Selected guest account and proceeded.
2025-02-02 19:11:12,107 - pages.Buy_Without_Login - INFO - Entered guest details successfully.
2025-02-02 19:11:12,272 - pages.Buy_Without_Login - INFO - Confirmed checkout.
2025-02-02 23:59:11,003 - pages.Buy_Without_Login - INFO - Product added to cart.
2025-02-02 23:59:12,541 - pages.Buy_Without_Login - INFO - Clicked on checkout.
2025-02-02 23:59:13,960 - pages.Buy_Without_Login - INFO - Selected guest account and proceeded.
2025-02-02 23:59:16,805 - pages.Buy_Without_Login - INFO - Entered guest details successfully.
2025-02-02 23:59:16,881 - pages.Buy_Without_Login - INFO - Confirmed checkout.
2025-02-03 00:04:06,981 - pages.Buy_Without_Login - INFO - Product added to cart.
2025-02-03 00:04:09,207 - pages.Buy_Without_Login - INFO - Clicked on checkout.
2025-02-03 00:04:10,585 - pages.Buy_Without_Login - INFO - Selected guest account and proceeded.
2025-02-03 00:04:13,369 - pages.Buy_Without_Login - INFO - Entered guest details successfully.
2025-02-03 00:04:13,443 - pages.Buy_Without_Login - INFO - Confirmed checkout.
2025-02-03 00:15:31,225 - pages.Buy_Without_Login - INFO - Product added to cart.
2025-02-03 00:15:33,477 - pages.Buy_Without_Login - INFO - Clicked on checkout.
2025-02-03 00:15:34,852 - pages.Buy_Without_Login - INFO - Selected guest account and proceeded.
2025-02-03 00:15:37,588 - pages.Buy_Without_Login - INFO - Entered guest details successfully.
2025-02-03 00:15:37,673 - pages.Buy_Without_Login - INFO - Confirmed checkout.
2025-02-03 13:55:16,056 - pages.Buy_Without_Login - INFO - Product added to cart.
2025-02-03 13:55:17,736 - pages.Buy_Without_Login - INFO - Clicked on checkout.
2025-02-03 13:55:19,520 - pages.Buy_Without_Login - INFO - Selected guest account and proceeded.
2025-02-03 13:55:23,936 - pages.Buy_Without_Login - INFO - Entered guest details successfully.
2025-02-03 13:55:24,233 - pages.Buy_Without_Login - INFO - Confirmed checkout.
2025-02-03 16:32:58,207 - pages.Buy_Without_Login - INFO - Product added to cart.
2025-02-03 16:33:00,053 - pages.Buy_Without_Login - INFO - Clicked on checkout.
2025-02-03 16:33:01,861 - pages.Buy_Without_Login - INFO - Selected guest account and proceeded.
2025-02-03 16:33:06,291 - pages.Buy_Without_Login - INFO - Entered guest details successfully.
2025-02-03 16:33:06,577 - pages.Buy_Without_Login - INFO - Confirmed checkout.
