2025-01-29 16:48:51,615 - pages.Homepage - INFO - Navigated to the Home Page.
2025-01-29 16:48:51,776 - pages.Homepage - INFO - Navigated to the Home Page.
2025-01-29 16:48:51,853 - pages.Homepage - INFO - Navigated to the Home Page.
2025-01-29 16:48:52,021 - pages.Homepage - INFO - Searched for 'Shirts' in the search bar.
2025-01-29 16:48:53,186 - pages.Homepage - INFO - Navigated to Sign-In Page.
2025-01-29 16:48:53,375 - pages.Homepage - INFO - Entered valid username in the Sign-In field.
2025-01-29 16:48:56,554 - pages.Homepage - INFO - Entered valid password in the Sign-In field.
2025-01-29 16:48:57,995 - pages.Homepage - INFO - Clicked the Sign-In button.
2025-01-29 16:48:58,672 - pages.Homepage - INFO - Clicked the search button and searched the product.
2025-01-29 16:49:00,165 - pages.Homepage - INFO - Navigated to the Home Page.
2025-01-29 16:49:09,938 - pages.Homepage - INFO - Navigated to the Home Page.
2025-01-29 16:49:18,772 - pages.Homepage - INFO - Navigated to the Home Page.
2025-01-29 16:49:19,077 - pages.Homepage - INFO - Hovered over the navbar.
2025-01-29 16:49:25,871 - pages.Homepage - INFO - Selected option from the navbar dropdown.
2025-01-29 16:49:26,957 - pages.Homepage - INFO - Navigated to the Home Page.
2025-01-29 16:49:37,378 - pages.Homepage - INFO - Navigated to Sign-In Page.
2025-01-29 16:49:37,539 - pages.Homepage - INFO - Entered valid username in the Sign-In field.
2025-01-29 16:49:40,742 - pages.Homepage - INFO - Entered valid password in the Sign-In field.
2025-01-29 16:49:42,158 - pages.Homepage - INFO - Clicked the Sign-In button.
2025-01-29 16:49:47,325 - pages.Homepage - INFO - Navigated to the Home Page.
2025-01-29 16:49:48,721 - pages.Homepage - INFO - Navigated to Sign-In Page.
2025-01-29 16:49:48,903 - pages.Homepage - INFO - Entered valid username in the Sign-In field.
2025-01-29 16:49:52,111 - pages.Homepage - INFO - Entered valid password in the Sign-In field.
2025-01-29 16:49:54,200 - pages.Homepage - INFO - Clicked the Sign-In button.
2025-01-29 16:49:56,670 - pages.Homepage - INFO - Navigated to the Home Page.
2025-01-29 16:50:02,427 - pages.Homepage - INFO - Navigated to Sign-In Page.
2025-01-29 16:50:02,566 - pages.Homepage - INFO - Entered username in the Sign-In field.
2025-01-29 16:50:02,658 - pages.Homepage - INFO - Entered password in the Sign-In field.
2025-01-29 16:50:04,352 - pages.Homepage - INFO - Clicked the Sign-In button.
2025-01-30 12:23:32,568 - pages.Homepage - INFO - Navigated to Sign-In Page.
2025-01-30 12:26:08,189 - pages.Homepage - INFO - Navigated to the Home Page.
2025-01-30 12:26:10,221 - pages.Homepage - INFO - Navigated to Sign-In Page.
2025-01-30 12:26:10,701 - pages.Homepage - INFO - Entered valid username in the Sign-In field.
2025-01-30 12:26:14,091 - pages.Homepage - INFO - Entered valid password in the Sign-In field.
2025-01-30 12:26:16,063 - pages.Homepage - INFO - Clicked the Sign-In button.
2025-01-30 12:28:19,730 - pages.Homepage - INFO - Navigated to the Home Page.
2025-01-30 12:28:21,632 - pages.Homepage - INFO - Navigated to Sign-In Page.
2025-01-30 12:28:22,080 - pages.Homepage - INFO - Entered valid username in the Sign-In field.
2025-01-30 12:28:25,379 - pages.Homepage - INFO - Entered valid password in the Sign-In field.
2025-01-30 12:28:27,753 - pages.Homepage - INFO - Clicked the Sign-In button.
2025-01-30 12:33:25,380 - pages.Homepage - INFO - Navigated to the Home Page.
2025-01-30 12:33:27,446 - pages.Homepage - INFO - Navigated to Sign-In Page.
2025-01-30 12:33:27,714 - pages.Homepage - INFO - Entered valid username in the Sign-In field.
2025-01-30 12:33:31,016 - pages.Homepage - INFO - Entered valid password in the Sign-In field.
2025-01-30 12:33:33,868 - pages.Homepage - INFO - Clicked the Sign-In button.
2025-01-30 12:34:42,781 - pages.Homepage - INFO - Navigated to the Home Page.
2025-01-30 12:34:44,687 - pages.Homepage - INFO - Navigated to Sign-In Page.
2025-01-30 12:34:44,994 - pages.Homepage - INFO - Entered valid username in the Sign-In field.
2025-01-30 12:34:48,317 - pages.Homepage - INFO - Entered valid password in the Sign-In field.
2025-01-30 12:34:50,697 - pages.Homepage - INFO - Clicked the Sign-In button.
2025-01-30 12:36:06,374 - pages.Homepage - INFO - Navigated to the Home Page.
2025-01-30 12:36:08,363 - pages.Homepage - INFO - Navigated to Sign-In Page.
2025-01-30 12:36:08,814 - pages.Homepage - INFO - Entered valid username in the Sign-In field.
2025-01-30 12:36:12,228 - pages.Homepage - INFO - Entered valid password in the Sign-In field.
2025-01-30 12:36:15,211 - pages.Homepage - INFO - Clicked the Sign-In button.
2025-01-30 12:36:48,136 - pages.Homepage - INFO - Navigated to the Home Page.
2025-01-30 12:36:49,815 - pages.Homepage - INFO - Navigated to Sign-In Page.
2025-01-30 12:36:50,050 - pages.Homepage - INFO - Entered valid username in the Sign-In field.
2025-01-30 12:36:53,282 - pages.Homepage - INFO - Entered valid password in the Sign-In field.
2025-01-30 12:36:55,469 - pages.Homepage - INFO - Clicked the Sign-In button.
2025-01-30 12:38:17,502 - pages.Homepage - INFO - Navigated to the Home Page.
2025-01-30 12:38:19,169 - pages.Homepage - INFO - Navigated to Sign-In Page.
2025-01-30 12:38:19,360 - pages.Homepage - INFO - Entered valid username in the Sign-In field.
2025-01-30 12:38:22,579 - pages.Homepage - INFO - Entered valid password in the Sign-In field.
2025-01-30 12:38:24,391 - pages.Homepage - INFO - Clicked the Sign-In button.
2025-01-30 12:51:01,199 - pages.Homepage - INFO - Navigated to the Home Page.
2025-01-30 12:51:03,281 - pages.Homepage - INFO - Navigated to Sign-In Page.
2025-01-30 12:51:03,661 - pages.Homepage - INFO - Entered valid username in the Sign-In field.
2025-01-30 12:51:06,994 - pages.Homepage - INFO - Entered valid password in the Sign-In field.
2025-01-30 12:51:09,126 - pages.Homepage - INFO - Clicked the Sign-In button.
2025-01-30 12:51:53,892 - pages.Homepage - INFO - Navigated to the Home Page.
2025-01-30 12:51:56,701 - pages.Homepage - INFO - Navigated to Sign-In Page.
2025-01-30 12:51:57,225 - pages.Homepage - INFO - Entered valid username in the Sign-In field.
2025-01-30 12:52:00,595 - pages.Homepage - INFO - Entered valid password in the Sign-In field.
2025-01-30 12:52:03,444 - pages.Homepage - INFO - Clicked the Sign-In button.
2025-01-30 12:53:09,190 - pages.Homepage - INFO - Navigated to the Home Page.
2025-01-30 12:53:11,044 - pages.Homepage - INFO - Navigated to Sign-In Page.
2025-01-30 12:53:11,406 - pages.Homepage - INFO - Entered valid username in the Sign-In field.
2025-01-30 12:53:14,741 - pages.Homepage - INFO - Entered valid password in the Sign-In field.
2025-01-30 12:53:17,237 - pages.Homepage - INFO - Clicked the Sign-In button.
2025-01-30 12:54:03,908 - pages.Homepage - ERROR - Failed to navigate to the Home Page: Message: no such window: target window already closed
from unknown error: web view not found
  (Session info: chrome=132.0.6834.111)
Stacktrace:
	GetHandleVerifier [0x00007FF693E56CC5+28821]
	(No symbol) [0x00007FF693DC3850]
	(No symbol) [0x00007FF693C6578A]
	(No symbol) [0x00007FF693C3F4F5]
	(No symbol) [0x00007FF693CE6247]
	(No symbol) [0x00007FF693CFECE2]
	(No symbol) [0x00007FF693CDF0A3]
	(No symbol) [0x00007FF693CAA778]
	(No symbol) [0x00007FF693CAB8E1]
	GetHandleVerifier [0x00007FF69418FCCD+3408029]
	GetHandleVerifier [0x00007FF6941A743F+3504143]
	GetHandleVerifier [0x00007FF69419B61D+3455469]
	GetHandleVerifier [0x00007FF693F1BDCB+835995]
	(No symbol) [0x00007FF693DCEB6F]
	(No symbol) [0x00007FF693DCA824]
	(No symbol) [0x00007FF693DCA9BD]
	(No symbol) [0x00007FF693DBA1A9]
	BaseThreadInitThunk [0x00007FF856C5E8D7+23]
	RtlUserThreadStart [0x00007FF85895FBCC+44]

2025-01-30 12:54:25,789 - pages.Homepage - INFO - Navigated to the Home Page.
2025-01-30 12:54:27,317 - pages.Homepage - INFO - Navigated to Sign-In Page.
2025-01-30 12:54:27,456 - pages.Homepage - INFO - Entered valid username in the Sign-In field.
2025-01-30 12:54:30,666 - pages.Homepage - INFO - Entered valid password in the Sign-In field.
2025-01-30 12:54:32,315 - pages.Homepage - INFO - Clicked the Sign-In button.
2025-01-30 15:01:20,744 - pages.Homepage - INFO - Navigated to the Home Page.
2025-01-30 15:41:15,559 - pages.Homepage - INFO - Navigated to the Home Page.
2025-01-30 15:41:15,708 - pages.Homepage - INFO - Navigated to the Home Page.
2025-01-30 15:41:33,743 - pages.Homepage - INFO - Navigated to the Home Page.
2025-01-30 15:41:41,264 - pages.Homepage - INFO - Navigated to the Home Page.
2025-01-30 15:41:42,870 - pages.Homepage - INFO - Navigated to Sign-In Page.
2025-01-30 15:41:43,227 - pages.Homepage - INFO - Entered valid username in the Sign-In field.
2025-01-30 15:41:44,601 - pages.Homepage - INFO - Navigated to Sign-In Page.
2025-01-30 15:41:44,849 - pages.Homepage - INFO - Entered username in the Sign-In field.
2025-01-30 15:41:45,109 - pages.Homepage - INFO - Entered password in the Sign-In field.
2025-01-30 15:41:46,407 - pages.Homepage - INFO - Clicked the Sign-In button.
2025-01-30 15:41:46,504 - pages.Homepage - INFO - Entered valid password in the Sign-In field.
2025-01-30 15:41:48,680 - pages.Homepage - INFO - Clicked the Sign-In button.
2025-01-30 15:41:57,553 - pages.Homepage - INFO - Navigated to the Home Page.
2025-01-30 15:41:59,284 - pages.Homepage - INFO - Navigated to Sign-In Page.
2025-01-30 15:41:59,732 - pages.Homepage - INFO - Entered valid username in the Sign-In field.
2025-01-30 15:42:03,085 - pages.Homepage - INFO - Entered valid password in the Sign-In field.
2025-01-30 15:42:05,192 - pages.Homepage - INFO - Clicked the Sign-In button.
2025-01-30 15:42:07,191 - pages.Homepage - INFO - Navigated to the Home Page.
2025-01-30 15:42:07,926 - pages.Homepage - INFO - Navigated to the Home Page.
2025-01-30 15:42:09,578 - pages.Homepage - INFO - Navigated to Sign-In Page.
2025-01-30 15:42:09,911 - pages.Homepage - INFO - Entered valid username in the Sign-In field.
2025-01-30 15:42:13,222 - pages.Homepage - INFO - Entered valid password in the Sign-In field.
2025-01-30 15:42:15,032 - pages.Homepage - INFO - Clicked the Sign-In button.
2025-01-30 15:42:15,172 - pages.Homepage - INFO - Navigated to Sign-In Page.
2025-01-30 15:42:15,534 - pages.Homepage - INFO - Entered valid username in the Sign-In field.
2025-01-30 15:42:17,506 - pages.Homepage - INFO - Navigated to the Home Page.
2025-01-30 15:42:18,824 - pages.Homepage - INFO - Entered valid password in the Sign-In field.
2025-01-30 15:42:21,141 - pages.Homepage - INFO - Clicked the Sign-In button.
2025-01-30 15:44:36,449 - pages.Homepage - INFO - Navigated to the Home Page.
2025-01-30 15:44:36,787 - pages.Homepage - INFO - Navigated to the Home Page.
2025-01-30 15:44:36,823 - pages.Homepage - INFO - Hovered over the navbar.
2025-01-30 15:44:43,124 - pages.Homepage - INFO - Selected option from the navbar dropdown.
2025-01-30 15:44:45,551 - pages.Homepage - INFO - Navigated to the Home Page.
2025-01-30 15:44:45,920 - pages.Homepage - INFO - Searched for 'Shirts' in the search bar.
2025-01-30 15:44:53,489 - pages.Homepage - INFO - Clicked the search button and searched the product.
2025-01-30 15:45:03,932 - pages.Homepage - INFO - Navigated to the Home Page.
2025-01-30 15:45:06,220 - pages.Homepage - INFO - Navigated to Sign-In Page.
2025-01-30 15:45:06,608 - pages.Homepage - INFO - Entered valid username in the Sign-In field.
2025-01-30 15:45:07,614 - pages.Homepage - INFO - Navigated to the Home Page.
2025-01-30 15:45:10,024 - pages.Homepage - INFO - Entered valid password in the Sign-In field.
2025-01-30 15:45:11,894 - pages.Homepage - INFO - Clicked the Sign-In button.
2025-01-30 15:45:27,264 - pages.Homepage - INFO - Navigated to Sign-In Page.
2025-01-30 15:45:27,527 - pages.Homepage - INFO - Entered username in the Sign-In field.
2025-01-30 15:45:27,912 - pages.Homepage - INFO - Entered password in the Sign-In field.
2025-01-30 15:45:29,271 - pages.Homepage - INFO - Clicked the Sign-In button.
2025-01-30 15:45:30,271 - pages.Homepage - INFO - Navigated to the Home Page.
2025-01-30 15:45:30,812 - pages.Homepage - INFO - Navigated to Sign-In Page.
2025-01-30 15:45:31,187 - pages.Homepage - INFO - Entered valid username in the Sign-In field.
2025-01-30 15:45:31,989 - pages.Homepage - INFO - Navigated to Sign-In Page.
2025-01-30 15:45:32,356 - pages.Homepage - INFO - Entered valid username in the Sign-In field.
2025-01-30 15:45:34,493 - pages.Homepage - INFO - Entered valid password in the Sign-In field.
2025-01-30 15:45:35,724 - pages.Homepage - INFO - Entered valid password in the Sign-In field.
2025-01-30 15:45:36,537 - pages.Homepage - INFO - Clicked the Sign-In button.
2025-01-30 15:45:37,917 - pages.Homepage - INFO - Clicked the Sign-In button.
2025-01-30 15:45:39,109 - pages.Homepage - INFO - Navigated to the Home Page.
2025-01-30 15:45:39,912 - pages.Homepage - INFO - Navigated to the Home Page.
2025-01-30 15:46:00,790 - pages.Homepage - INFO - Navigated to the Home Page.
2025-01-30 15:46:02,729 - pages.Homepage - INFO - Navigated to Sign-In Page.
2025-01-30 15:46:03,128 - pages.Homepage - INFO - Entered valid username in the Sign-In field.
2025-01-30 15:46:06,439 - pages.Homepage - INFO - Entered valid password in the Sign-In field.
2025-01-30 15:46:08,371 - pages.Homepage - INFO - Clicked the Sign-In button.
2025-01-30 15:46:10,468 - pages.Homepage - INFO - Navigated to the Home Page.
2025-01-30 16:53:32,265 - pages.Homepage - INFO - Navigated to the Home Page.
2025-01-30 16:53:32,429 - pages.Homepage - INFO - Navigated to the Home Page.
2025-01-30 16:53:32,819 - pages.Homepage - INFO - Hovered over the navbar.
2025-01-30 16:53:39,201 - pages.Homepage - INFO - Selected option from the navbar dropdown.
2025-01-30 16:53:41,625 - pages.Homepage - INFO - Navigated to the Home Page.
2025-01-30 16:53:41,900 - pages.Homepage - INFO - Searched for 'Shirts' in the search bar.
2025-01-30 16:53:50,172 - pages.Homepage - INFO - Clicked the search button and searched the product.
2025-01-30 16:53:56,653 - pages.Homepage - INFO - Navigated to the Home Page.
2025-01-30 16:53:58,158 - pages.Homepage - INFO - Navigated to Sign-In Page.
2025-01-30 16:53:58,535 - pages.Homepage - INFO - Entered valid username in the Sign-In field.
2025-01-30 16:54:01,902 - pages.Homepage - INFO - Entered valid password in the Sign-In field.
2025-01-30 16:54:02,265 - pages.Homepage - INFO - Navigated to the Home Page.
2025-01-30 16:54:03,687 - pages.Homepage - INFO - Clicked the Sign-In button.
2025-01-30 16:54:21,436 - pages.Homepage - INFO - Navigated to Sign-In Page.
2025-01-30 16:54:21,681 - pages.Homepage - INFO - Entered username in the Sign-In field.
2025-01-30 16:54:21,863 - pages.Homepage - INFO - Entered password in the Sign-In field.
2025-01-30 16:54:23,174 - pages.Homepage - INFO - Clicked the Sign-In button.
2025-01-30 16:54:24,732 - pages.Homepage - INFO - Navigated to Sign-In Page.
2025-01-30 16:54:24,923 - pages.Homepage - INFO - Navigated to the Home Page.
2025-01-30 16:54:25,036 - pages.Homepage - INFO - Entered valid username in the Sign-In field.
2025-01-30 16:54:26,425 - pages.Homepage - INFO - Navigated to Sign-In Page.
2025-01-30 16:54:26,831 - pages.Homepage - INFO - Entered valid username in the Sign-In field.
2025-01-30 16:54:28,313 - pages.Homepage - INFO - Entered valid password in the Sign-In field.
2025-01-30 16:54:30,216 - pages.Homepage - INFO - Entered valid password in the Sign-In field.
2025-01-30 16:54:30,486 - pages.Homepage - INFO - Navigated to the Home Page.
2025-01-30 16:54:30,486 - pages.Homepage - INFO - Clicked the Sign-In button.
2025-01-30 16:54:32,293 - pages.Homepage - INFO - Clicked the Sign-In button.
2025-01-30 16:54:34,137 - pages.Homepage - INFO - Navigated to the Home Page.
2025-01-30 16:54:55,339 - pages.Homepage - INFO - Navigated to the Home Page.
2025-01-30 16:54:57,321 - pages.Homepage - INFO - Navigated to Sign-In Page.
2025-01-30 16:54:57,730 - pages.Homepage - INFO - Entered valid username in the Sign-In field.
2025-01-30 16:55:01,112 - pages.Homepage - INFO - Entered valid password in the Sign-In field.
2025-01-30 16:55:03,313 - pages.Homepage - INFO - Clicked the Sign-In button.
2025-01-30 16:55:05,377 - pages.Homepage - INFO - Navigated to the Home Page.
2025-01-30 18:18:44,908 - pages.Homepage - INFO - Navigated to the Home Page.
2025-01-30 18:20:19,142 - pages.Homepage - INFO - Navigated to the Home Page.
2025-01-30 18:21:41,929 - pages.Homepage - INFO - Navigated to the Home Page.
2025-01-30 18:25:40,243 - pages.Homepage - INFO - Navigated to the Home Page.
2025-01-30 19:45:05,501 - pages.Homepage - INFO - Navigated to the Home Page.
2025-01-30 19:45:07,746 - pages.Homepage - INFO - Navigated to Sign-In Page.
2025-01-30 19:45:08,289 - pages.Homepage - INFO - Entered valid username in the Sign-In field.
2025-01-30 19:45:11,767 - pages.Homepage - INFO - Entered valid password in the Sign-In field.
2025-01-30 19:45:14,248 - pages.Homepage - INFO - Clicked the Sign-In button.
2025-01-30 19:45:17,133 - pages.Homepage - INFO - Navigated to the Home Page.
2025-01-30 19:45:50,873 - pages.Homepage - INFO - Navigated to the Home Page.
2025-01-30 19:45:52,648 - pages.Homepage - INFO - Navigated to Sign-In Page.
2025-01-30 19:45:53,050 - pages.Homepage - INFO - Entered valid username in the Sign-In field.
2025-01-30 19:45:56,408 - pages.Homepage - INFO - Entered valid password in the Sign-In field.
2025-01-30 19:45:58,626 - pages.Homepage - INFO - Clicked the Sign-In button.
2025-01-30 19:46:00,804 - pages.Homepage - INFO - Navigated to the Home Page.
2025-01-30 19:57:53,592 - pages.Homepage - INFO - Navigated to the Home Page.
2025-01-30 19:57:55,440 - pages.Homepage - INFO - Navigated to Sign-In Page.
2025-01-30 19:57:55,852 - pages.Homepage - INFO - Entered valid username in the Sign-In field.
2025-01-30 19:57:59,165 - pages.Homepage - INFO - Entered valid password in the Sign-In field.
2025-01-30 19:58:01,345 - pages.Homepage - INFO - Clicked the Sign-In button.
2025-01-30 20:40:38,589 - pages.Homepage - INFO - Navigated to the Home Page.
2025-01-30 20:40:38,920 - pages.Homepage - INFO - Hovered over the navbar.
2025-01-30 20:40:45,100 - pages.Homepage - INFO - Selected option from the navbar dropdown.
2025-01-30 20:41:02,676 - pages.Homepage - INFO - Navigated to the Home Page.
2025-01-30 20:41:02,943 - pages.Homepage - INFO - Searched for 'Shirts' in the search bar.
2025-01-30 20:41:09,618 - pages.Homepage - INFO - Clicked the search button and searched the product.
2025-01-30 20:54:57,105 - pages.Homepage - INFO - Navigated to the Home Page.
2025-01-30 21:07:08,248 - pages.Homepage - INFO - Navigated to the Home Page.
2025-01-30 21:17:54,245 - pages.Homepage - INFO - Navigated to Sign-In Page.
2025-01-30 21:17:54,416 - pages.Homepage - INFO - Entered username in the Sign-In field.
2025-01-30 21:17:54,539 - pages.Homepage - INFO - Entered password in the Sign-In field.
2025-01-30 21:17:54,918 - pages.Homepage - INFO - Clicked the Sign-In button.
2025-01-30 21:18:14,681 - pages.Homepage - INFO - Navigated to Sign-In Page.
2025-01-30 21:18:14,852 - pages.Homepage - INFO - Entered valid username in the Sign-In field.
2025-01-30 21:18:18,017 - pages.Homepage - INFO - Entered valid password in the Sign-In field.
2025-01-30 21:18:19,624 - pages.Homepage - INFO - Clicked the Sign-In button.
2025-01-30 21:25:03,399 - pages.Homepage - INFO - Navigated to the Home Page.
2025-01-30 21:25:04,805 - pages.Homepage - INFO - Navigated to Sign-In Page.
2025-01-30 21:25:04,993 - pages.Homepage - INFO - Entered valid username in the Sign-In field.
2025-01-30 21:25:08,150 - pages.Homepage - INFO - Entered valid password in the Sign-In field.
2025-01-30 21:25:09,731 - pages.Homepage - INFO - Clicked the Sign-In button.
2025-01-30 21:25:11,956 - pages.Homepage - INFO - Navigated to the Home Page.
2025-01-30 21:28:04,930 - pages.Homepage - INFO - Navigated to the Home Page.
2025-01-30 21:28:05,477 - pages.Homepage - INFO - Navigated to the Home Page.
2025-01-30 21:28:05,797 - pages.Homepage - INFO - Hovered over the navbar.
2025-01-30 21:28:11,880 - pages.Homepage - INFO - Selected option from the navbar dropdown.
2025-01-30 21:28:23,348 - pages.Homepage - INFO - Navigated to the Home Page.
2025-01-30 21:28:23,480 - pages.Homepage - INFO - Searched for 'Shirts' in the search bar.
2025-01-30 21:28:27,276 - pages.Homepage - INFO - Navigated to the Home Page.
2025-01-30 21:28:28,724 - pages.Homepage - INFO - Navigated to Sign-In Page.
2025-01-30 21:28:28,910 - pages.Homepage - INFO - Entered valid username in the Sign-In field.
2025-01-30 21:28:30,088 - pages.Homepage - INFO - Clicked the search button and searched the product.
2025-01-30 21:28:32,080 - pages.Homepage - INFO - Entered valid password in the Sign-In field.
2025-01-30 21:28:33,664 - pages.Homepage - INFO - Clicked the Sign-In button.
2025-01-30 21:28:41,705 - pages.Homepage - INFO - Navigated to the Home Page.
2025-01-30 21:28:54,852 - pages.Homepage - INFO - Navigated to the Home Page.
2025-01-30 21:28:56,341 - pages.Homepage - INFO - Navigated to Sign-In Page.
2025-01-30 21:28:56,482 - pages.Homepage - INFO - Entered valid username in the Sign-In field.
2025-01-30 21:28:58,351 - pages.Homepage - INFO - Navigated to the Home Page.
2025-01-30 21:28:59,610 - pages.Homepage - INFO - Navigated to Sign-In Page.
2025-01-30 21:28:59,642 - pages.Homepage - INFO - Entered valid password in the Sign-In field.
2025-01-30 21:28:59,741 - pages.Homepage - INFO - Entered username in the Sign-In field.
2025-01-30 21:28:59,896 - pages.Homepage - INFO - Entered password in the Sign-In field.
2025-01-30 21:29:00,352 - pages.Homepage - INFO - Clicked the Sign-In button.
2025-01-30 21:29:01,287 - pages.Homepage - INFO - Clicked the Sign-In button.
2025-01-30 21:29:03,508 - pages.Homepage - INFO - Navigated to the Home Page.
2025-01-30 21:29:18,515 - pages.Homepage - INFO - Navigated to the Home Page.
2025-01-30 21:29:20,002 - pages.Homepage - INFO - Navigated to Sign-In Page.
2025-01-30 21:29:20,138 - pages.Homepage - INFO - Entered valid username in the Sign-In field.
2025-01-30 21:29:21,966 - pages.Homepage - INFO - Navigated to Sign-In Page.
2025-01-30 21:29:22,132 - pages.Homepage - INFO - Entered valid username in the Sign-In field.
2025-01-30 21:29:23,273 - pages.Homepage - INFO - Entered valid password in the Sign-In field.
2025-01-30 21:29:25,234 - pages.Homepage - INFO - Clicked the Sign-In button.
2025-01-30 21:29:25,301 - pages.Homepage - INFO - Entered valid password in the Sign-In field.
2025-01-30 21:29:27,072 - pages.Homepage - INFO - Navigated to the Home Page.
2025-01-30 21:29:27,185 - pages.Homepage - INFO - Clicked the Sign-In button.
2025-01-30 21:34:03,302 - pages.Homepage - INFO - Navigated to the Home Page.
2025-01-30 21:34:30,988 - pages.Homepage - INFO - Navigated to the Home Page.
2025-01-30 21:34:32,717 - pages.Homepage - INFO - Navigated to Sign-In Page.
2025-01-30 21:34:33,070 - pages.Homepage - INFO - Entered valid username in the Sign-In field.
2025-01-30 21:34:36,502 - pages.Homepage - INFO - Entered valid password in the Sign-In field.
2025-01-30 21:34:38,707 - pages.Homepage - INFO - Clicked the Sign-In button.
2025-01-30 21:35:58,760 - pages.Homepage - INFO - Navigated to the Home Page.
2025-01-30 21:36:00,579 - pages.Homepage - INFO - Navigated to Sign-In Page.
2025-01-30 21:36:00,957 - pages.Homepage - INFO - Entered valid username in the Sign-In field.
2025-01-30 21:36:04,287 - pages.Homepage - INFO - Entered valid password in the Sign-In field.
2025-01-30 21:36:06,481 - pages.Homepage - INFO - Clicked the Sign-In button.
2025-01-30 21:36:09,193 - pages.Homepage - INFO - Navigated to the Home Page.
2025-01-30 21:36:31,340 - pages.Homepage - INFO - Navigated to the Home Page.
2025-01-30 21:36:31,739 - pages.Homepage - INFO - Hovered over the navbar.
2025-01-30 21:36:38,025 - pages.Homepage - INFO - Selected option from the navbar dropdown.
2025-01-30 21:36:50,776 - pages.Homepage - INFO - Navigated to the Home Page.
2025-01-30 21:36:51,450 - pages.Homepage - INFO - Searched for 'Shirts' in the search bar.
2025-01-30 21:36:58,579 - pages.Homepage - INFO - Clicked the search button and searched the product.
2025-01-30 21:37:09,695 - pages.Homepage - INFO - Navigated to the Home Page.
2025-01-30 21:37:28,523 - pages.Homepage - INFO - Navigated to the Home Page.
2025-01-30 21:37:49,832 - pages.Homepage - INFO - Navigated to Sign-In Page.
2025-01-30 21:37:50,171 - pages.Homepage - INFO - Entered username in the Sign-In field.
2025-01-30 21:37:50,430 - pages.Homepage - INFO - Entered password in the Sign-In field.
2025-01-30 21:37:51,789 - pages.Homepage - INFO - Clicked the Sign-In button.
2025-01-30 21:38:02,533 - pages.Homepage - INFO - Navigated to Sign-In Page.
2025-01-30 21:38:02,961 - pages.Homepage - INFO - Entered valid username in the Sign-In field.
2025-01-30 21:38:06,296 - pages.Homepage - INFO - Entered valid password in the Sign-In field.
2025-01-30 21:38:08,862 - pages.Homepage - INFO - Clicked the Sign-In button.
2025-01-30 21:38:19,889 - pages.Homepage - INFO - Navigated to the Home Page.
2025-01-30 21:38:21,602 - pages.Homepage - INFO - Navigated to Sign-In Page.
2025-01-30 21:38:21,938 - pages.Homepage - INFO - Entered valid username in the Sign-In field.
2025-01-30 21:38:25,414 - pages.Homepage - INFO - Entered valid password in the Sign-In field.
2025-01-30 21:38:27,831 - pages.Homepage - INFO - Clicked the Sign-In button.
2025-01-30 21:38:30,124 - pages.Homepage - INFO - Navigated to the Home Page.
2025-01-31 15:25:56,375 - pages.Homepage - INFO - Navigated to the Home Page.
2025-01-31 15:27:22,738 - pages.Homepage - INFO - Navigated to the Home Page.
2025-01-31 15:32:10,059 - pages.Homepage - INFO - Navigated to Sign-In Page.
2025-01-31 15:32:10,321 - pages.Homepage - INFO - Entered username in the Sign-In field.
2025-01-31 15:32:10,501 - pages.Homepage - INFO - Entered password in the Sign-In field.
2025-01-31 15:32:10,956 - pages.Homepage - INFO - Clicked the Sign-In button.
2025-01-31 15:32:40,188 - pages.Homepage - INFO - Navigated to Sign-In Page.
2025-01-31 15:32:40,617 - pages.Homepage - INFO - Entered valid username in the Sign-In field.
2025-01-31 15:32:44,113 - pages.Homepage - INFO - Entered valid password in the Sign-In field.
2025-01-31 15:32:46,225 - pages.Homepage - INFO - Clicked the Sign-In button.
2025-01-31 16:23:59,620 - pages.Homepage - INFO - Navigated to Sign-In Page.
2025-01-31 16:23:59,837 - pages.Homepage - INFO - Entered username in the Sign-In field.
2025-01-31 16:23:59,945 - pages.Homepage - INFO - Entered password in the Sign-In field.
2025-01-31 16:24:01,070 - pages.Homepage - INFO - Clicked the Sign-In button.
2025-01-31 17:48:04,116 - pages.Homepage - INFO - Navigated to the Home Page.
2025-01-31 17:48:32,137 - pages.Homepage - INFO - Navigated to the Home Page.
2025-01-31 17:48:33,858 - pages.Homepage - INFO - Navigated to Sign-In Page.
2025-01-31 17:48:34,348 - pages.Homepage - INFO - Entered valid username in the Sign-In field.
2025-01-31 17:48:37,832 - pages.Homepage - INFO - Entered valid password in the Sign-In field.
2025-01-31 17:48:39,906 - pages.Homepage - INFO - Clicked the Sign-In button.
2025-01-31 17:49:34,983 - pages.Homepage - INFO - Navigated to the Home Page.
2025-01-31 17:49:36,472 - pages.Homepage - INFO - Navigated to Sign-In Page.
2025-01-31 17:49:36,820 - pages.Homepage - INFO - Entered valid username in the Sign-In field.
2025-01-31 17:49:40,146 - pages.Homepage - INFO - Entered valid password in the Sign-In field.
2025-01-31 17:49:42,650 - pages.Homepage - INFO - Clicked the Sign-In button.
2025-01-31 17:49:45,648 - pages.Homepage - INFO - Navigated to the Home Page.
2025-01-31 17:50:08,843 - pages.Homepage - INFO - Navigated to the Home Page.
2025-01-31 17:50:09,245 - pages.Homepage - INFO - Hovered over the navbar.
2025-01-31 17:50:15,489 - pages.Homepage - INFO - Selected option from the navbar dropdown.
2025-01-31 17:50:26,023 - pages.Homepage - INFO - Navigated to the Home Page.
2025-01-31 17:50:26,584 - pages.Homepage - INFO - Searched for 'Shirts' in the search bar.
2025-01-31 17:50:33,887 - pages.Homepage - INFO - Clicked the search button and searched the product.
2025-01-31 17:50:45,119 - pages.Homepage - INFO - Navigated to the Home Page.
2025-01-31 17:51:03,821 - pages.Homepage - INFO - Navigated to the Home Page.
2025-01-31 17:51:24,825 - pages.Homepage - INFO - Navigated to Sign-In Page.
2025-01-31 17:51:25,081 - pages.Homepage - INFO - Entered username in the Sign-In field.
2025-01-31 17:51:25,273 - pages.Homepage - INFO - Entered password in the Sign-In field.
2025-01-31 17:51:27,142 - pages.Homepage - INFO - Clicked the Sign-In button.
2025-01-31 17:51:36,960 - pages.Homepage - INFO - Navigated to Sign-In Page.
2025-01-31 17:51:37,285 - pages.Homepage - INFO - Entered valid username in the Sign-In field.
2025-01-31 17:51:40,544 - pages.Homepage - INFO - Entered valid password in the Sign-In field.
2025-01-31 17:51:42,539 - pages.Homepage - INFO - Clicked the Sign-In button.
2025-01-31 17:51:55,221 - pages.Homepage - INFO - Navigated to the Home Page.
2025-01-31 17:51:56,742 - pages.Homepage - INFO - Navigated to Sign-In Page.
2025-01-31 17:51:57,196 - pages.Homepage - INFO - Entered valid username in the Sign-In field.
2025-01-31 17:52:00,523 - pages.Homepage - INFO - Entered valid password in the Sign-In field.
2025-01-31 17:52:02,645 - pages.Homepage - INFO - Clicked the Sign-In button.
2025-01-31 17:52:04,795 - pages.Homepage - INFO - Navigated to the Home Page.
2025-01-31 19:31:38,998 - pages.Homepage - INFO - Navigated to the Home Page.
2025-01-31 19:33:20,091 - pages.Homepage - INFO - Navigated to the Home Page.
2025-01-31 19:37:04,430 - pages.Homepage - INFO - Navigated to the Home Page.
2025-01-31 19:39:43,015 - pages.Homepage - INFO - Navigated to the Home Page.
2025-01-31 19:59:05,113 - pages.Homepage - INFO - Navigated to the Home Page.
2025-01-31 20:04:14,086 - pages.Homepage - INFO - Navigated to the Home Page.
2025-01-31 20:13:43,032 - pages.Homepage - ERROR - Failed to navigate to the Home Page: Message: no such window: target window already closed
from unknown error: web view not found
  (Session info: chrome=132.0.6834.160)
Stacktrace:
	GetHandleVerifier [0x00007FF797F16CC5+28821]
	(No symbol) [0x00007FF797E83850]
	(No symbol) [0x00007FF797D2578A]
	(No symbol) [0x00007FF797CFF4F5]
	(No symbol) [0x00007FF797DA6247]
	(No symbol) [0x00007FF797DBECE2]
	(No symbol) [0x00007FF797D9F0A3]
	(No symbol) [0x00007FF797D6A778]
	(No symbol) [0x00007FF797D6B8E1]
	GetHandleVerifier [0x00007FF79824FCCD+3408029]
	GetHandleVerifier [0x00007FF79826743F+3504143]
	GetHandleVerifier [0x00007FF79825B61D+3455469]
	GetHandleVerifier [0x00007FF797FDBDCB+835995]
	(No symbol) [0x00007FF797E8EB6F]
	(No symbol) [0x00007FF797E8A824]
	(No symbol) [0x00007FF797E8A9BD]
	(No symbol) [0x00007FF797E7A1A9]
	BaseThreadInitThunk [0x00007FF856C5E8D7+23]
	RtlUserThreadStart [0x00007FF85895FBCC+44]

2025-01-31 20:14:19,406 - pages.Homepage - INFO - Navigated to the Home Page.
2025-02-01 15:23:49,463 - pages.Homepage - INFO - Navigated to the Home Page.
2025-02-01 15:23:51,085 - pages.Homepage - INFO - Navigated to Sign-In Page.
2025-02-01 15:23:51,655 - pages.Homepage - INFO - Entered valid username in the Sign-In field.
2025-02-01 15:23:55,037 - pages.Homepage - INFO - Entered valid password in the Sign-In field.
2025-02-01 15:23:56,745 - pages.Homepage - INFO - Clicked the Sign-In button.
2025-02-01 15:23:58,852 - pages.Homepage - INFO - Navigated to the Home Page.
2025-02-01 15:26:03,405 - pages.Homepage - INFO - Navigated to the Home Page.
2025-02-01 15:26:03,896 - pages.Homepage - INFO - Hovered over the navbar.
2025-02-01 15:26:10,079 - pages.Homepage - INFO - Selected option from the navbar dropdown.
2025-02-01 15:31:01,028 - pages.Homepage - INFO - Navigated to the Home Page.
2025-02-01 15:31:01,480 - pages.Homepage - INFO - Hovered over the navbar.
2025-02-01 15:31:07,713 - pages.Homepage - INFO - Selected option from the navbar dropdown.
2025-02-01 15:31:18,335 - pages.Homepage - ERROR - Failed to fetch confirm message: Message: 
Stacktrace:
	GetHandleVerifier [0x00007FF6B8676CC5+28821]
	(No symbol) [0x00007FF6B85E3850]
	(No symbol) [0x00007FF6B848578A]
	(No symbol) [0x00007FF6B84D91BE]
	(No symbol) [0x00007FF6B84D94AC]
	(No symbol) [0x00007FF6B8522647]
	(No symbol) [0x00007FF6B84FF33F]
	(No symbol) [0x00007FF6B851F412]
	(No symbol) [0x00007FF6B84FF0A3]
	(No symbol) [0x00007FF6B84CA778]
	(No symbol) [0x00007FF6B84CB8E1]
	GetHandleVerifier [0x00007FF6B89AFCCD+3408029]
	GetHandleVerifier [0x00007FF6B89C743F+3504143]
	GetHandleVerifier [0x00007FF6B89BB61D+3455469]
	GetHandleVerifier [0x00007FF6B873BDCB+835995]
	(No symbol) [0x00007FF6B85EEB6F]
	(No symbol) [0x00007FF6B85EA824]
	(No symbol) [0x00007FF6B85EA9BD]
	(No symbol) [0x00007FF6B85DA1A9]
	BaseThreadInitThunk [0x00007FF856C5E8D7+23]
	RtlUserThreadStart [0x00007FF85895FBCC+44]

2025-02-01 15:32:25,393 - pages.Homepage - INFO - Navigated to the Home Page.
2025-02-01 15:32:25,763 - pages.Homepage - INFO - Hovered over the navbar.
2025-02-01 15:32:31,945 - pages.Homepage - INFO - Selected option from the navbar dropdown.
2025-02-01 15:36:05,759 - pages.Homepage - INFO - Navigated to the Home Page.
2025-02-01 15:36:06,561 - pages.Homepage - INFO - Searched for 'Shirts' in the search bar.
2025-02-01 15:36:13,483 - pages.Homepage - INFO - Clicked the search button and searched the product.
2025-02-02 16:08:19,185 - pages.Homepage - INFO - Navigated to Sign-In Page.
2025-02-02 16:08:19,393 - pages.Homepage - INFO - Entered username in the Sign-In field.
2025-02-02 16:08:19,569 - pages.Homepage - INFO - Entered password in the Sign-In field.
2025-02-02 16:08:20,925 - pages.Homepage - INFO - Clicked the Sign-In button.
2025-02-02 16:16:16,249 - pages.Homepage - INFO - Navigated to Sign-In Page.
2025-02-02 16:16:16,527 - pages.Homepage - INFO - Entered username in the Sign-In field.
2025-02-02 16:16:16,703 - pages.Homepage - INFO - Entered password in the Sign-In field.
2025-02-02 16:16:18,096 - pages.Homepage - INFO - Clicked the Sign-In button.
2025-02-02 16:16:38,881 - pages.Homepage - INFO - Navigated to Sign-In Page.
2025-02-02 16:16:39,246 - pages.Homepage - INFO - Entered valid username in the Sign-In field.
2025-02-02 16:16:42,556 - pages.Homepage - INFO - Entered valid password in the Sign-In field.
2025-02-02 16:16:44,242 - pages.Homepage - INFO - Clicked the Sign-In button.
2025-02-02 16:16:44,340 - pages.Homepage - INFO - Sign-In failed with message: MY ACCOUNT
2025-02-02 16:22:18,471 - pages.Homepage - INFO - Navigated to the Home Page.
2025-02-02 16:22:43,972 - pages.Homepage - INFO - Navigated to the Home Page.
2025-02-02 16:22:45,753 - pages.Homepage - INFO - Navigated to Sign-In Page.
2025-02-02 16:22:46,086 - pages.Homepage - INFO - Entered valid username in the Sign-In field.
2025-02-02 16:22:49,406 - pages.Homepage - INFO - Entered valid password in the Sign-In field.
2025-02-02 16:22:51,130 - pages.Homepage - INFO - Clicked the Sign-In button.
2025-02-02 16:23:38,654 - pages.Homepage - INFO - Navigated to the Home Page.
2025-02-02 16:23:40,364 - pages.Homepage - INFO - Navigated to Sign-In Page.
2025-02-02 16:23:40,750 - pages.Homepage - INFO - Entered valid username in the Sign-In field.
2025-02-02 16:23:44,085 - pages.Homepage - INFO - Entered valid password in the Sign-In field.
2025-02-02 16:23:45,738 - pages.Homepage - INFO - Clicked the Sign-In button.
2025-02-02 16:23:47,586 - pages.Homepage - INFO - Navigated to the Home Page.
2025-02-02 16:24:07,538 - pages.Homepage - INFO - Navigated to the Home Page.
2025-02-02 16:24:07,923 - pages.Homepage - INFO - Hovered over the navbar.
2025-02-02 16:24:10,152 - pages.Homepage - INFO - Selected option from the navbar dropdown.
2025-02-02 16:24:22,586 - pages.Homepage - INFO - Navigated to the Home Page.
2025-02-02 16:24:23,142 - pages.Homepage - INFO - Searched for 'Shirts' in the search bar.
2025-02-02 16:24:24,863 - pages.Homepage - INFO - Clicked the search button and searched the product.
2025-02-02 16:24:35,081 - pages.Homepage - INFO - Navigated to the Home Page.
2025-02-02 16:24:52,493 - pages.Homepage - INFO - Navigated to the Home Page.
2025-02-02 16:25:11,370 - pages.Homepage - INFO - Navigated to Sign-In Page.
2025-02-02 16:25:11,615 - pages.Homepage - INFO - Entered username in the Sign-In field.
2025-02-02 16:25:11,812 - pages.Homepage - INFO - Entered password in the Sign-In field.
2025-02-02 16:25:13,141 - pages.Homepage - INFO - Clicked the Sign-In button.
2025-02-02 16:25:22,949 - pages.Homepage - INFO - Navigated to Sign-In Page.
2025-02-02 16:25:23,328 - pages.Homepage - INFO - Entered valid username in the Sign-In field.
2025-02-02 16:25:26,636 - pages.Homepage - INFO - Entered valid password in the Sign-In field.
2025-02-02 16:25:28,109 - pages.Homepage - INFO - Clicked the Sign-In button.
2025-02-02 16:25:28,205 - pages.Homepage - INFO - Sign-In failed with message: MY ACCOUNT
2025-02-02 16:25:38,184 - pages.Homepage - INFO - Navigated to the Home Page.
2025-02-02 16:25:39,855 - pages.Homepage - INFO - Navigated to Sign-In Page.
2025-02-02 16:25:40,210 - pages.Homepage - INFO - Entered valid username in the Sign-In field.
2025-02-02 16:25:43,610 - pages.Homepage - INFO - Entered valid password in the Sign-In field.
2025-02-02 16:25:45,186 - pages.Homepage - INFO - Clicked the Sign-In button.
2025-02-02 16:25:46,984 - pages.Homepage - INFO - Navigated to the Home Page.
2025-02-02 17:39:21,554 - pages.Homepage - INFO - Navigated to the Home Page.
2025-02-02 17:39:21,908 - pages.Homepage - INFO - Hovered over the navbar.
2025-02-02 17:39:23,546 - pages.Homepage - INFO - Selected option from the navbar dropdown.
2025-02-02 17:40:41,630 - pages.Homepage - INFO - Navigated to the Home Page.
2025-02-02 17:40:42,038 - pages.Homepage - INFO - Hovered over the navbar.
2025-02-02 17:40:43,227 - pages.Homepage - INFO - Selected option from the navbar dropdown.
2025-02-02 17:41:18,704 - pages.Homepage - INFO - Navigated to the Home Page.
2025-02-02 17:41:19,114 - pages.Homepage - INFO - Hovered over the navbar.
2025-02-02 17:41:20,511 - pages.Homepage - INFO - Selected option from the navbar dropdown.
2025-02-02 17:46:07,906 - pages.Homepage - INFO - Navigated to the Home Page.
2025-02-02 17:46:08,423 - pages.Homepage - INFO - Hovered over the navbar.
2025-02-02 17:46:10,709 - pages.Homepage - INFO - Selected option from the navbar dropdown.
2025-02-02 17:53:04,201 - pages.Homepage - INFO - Navigated to the Home Page.
2025-02-02 17:53:04,614 - pages.Homepage - INFO - Hovered over the navbar.
2025-02-02 17:53:05,808 - pages.Homepage - INFO - Selected option from the navbar dropdown.
2025-02-02 18:06:40,070 - pages.Homepage - INFO - Navigated to the Home Page.
2025-02-02 18:06:40,533 - pages.Homepage - INFO - Hovered over the navbar.
2025-02-02 18:06:41,681 - pages.Homepage - INFO - Selected option from the navbar dropdown.
2025-02-02 18:12:13,836 - pages.Homepage - ERROR - Failed to navigate to the Home Page: Message: no such window: target window already closed
from unknown error: web view not found
  (Session info: chrome=132.0.6834.160)
Stacktrace:
	GetHandleVerifier [0x00007FF63AA76CC5+28821]
	(No symbol) [0x00007FF63A9E3850]
	(No symbol) [0x00007FF63A88578A]
	(No symbol) [0x00007FF63A85F4F5]
	(No symbol) [0x00007FF63A906247]
	(No symbol) [0x00007FF63A91ECE2]
	(No symbol) [0x00007FF63A8FF0A3]
	(No symbol) [0x00007FF63A8CA778]
	(No symbol) [0x00007FF63A8CB8E1]
	GetHandleVerifier [0x00007FF63ADAFCCD+3408029]
	GetHandleVerifier [0x00007FF63ADC743F+3504143]
	GetHandleVerifier [0x00007FF63ADBB61D+3455469]
	GetHandleVerifier [0x00007FF63AB3BDCB+835995]
	(No symbol) [0x00007FF63A9EEB6F]
	(No symbol) [0x00007FF63A9EA824]
	(No symbol) [0x00007FF63A9EA9BD]
	(No symbol) [0x00007FF63A9DA1A9]
	BaseThreadInitThunk [0x00007FF856C5E8D7+23]
	RtlUserThreadStart [0x00007FF85895FBCC+44]

2025-02-02 18:12:17,308 - pages.Homepage - ERROR - Failed to navigate to the Home Page: Message: no such window: target window already closed
from unknown error: web view not found
  (Session info: chrome=132.0.6834.160)
Stacktrace:
	GetHandleVerifier [0x00007FF63AA76CC5+28821]
	(No symbol) [0x00007FF63A9E3850]
	(No symbol) [0x00007FF63A88578A]
	(No symbol) [0x00007FF63A85F4F5]
	(No symbol) [0x00007FF63A906247]
	(No symbol) [0x00007FF63A91ECE2]
	(No symbol) [0x00007FF63A8FF0A3]
	(No symbol) [0x00007FF63A8CA778]
	(No symbol) [0x00007FF63A8CB8E1]
	GetHandleVerifier [0x00007FF63ADAFCCD+3408029]
	GetHandleVerifier [0x00007FF63ADC743F+3504143]
	GetHandleVerifier [0x00007FF63ADBB61D+3455469]
	GetHandleVerifier [0x00007FF63AB3BDCB+835995]
	(No symbol) [0x00007FF63A9EEB6F]
	(No symbol) [0x00007FF63A9EA824]
	(No symbol) [0x00007FF63A9EA9BD]
	(No symbol) [0x00007FF63A9DA1A9]
	BaseThreadInitThunk [0x00007FF856C5E8D7+23]
	RtlUserThreadStart [0x00007FF85895FBCC+44]

2025-02-02 18:12:32,131 - pages.Homepage - INFO - Navigated to the Home Page.
2025-02-02 18:12:33,735 - pages.Homepage - INFO - Navigated to Sign-In Page.
2025-02-02 18:12:34,097 - pages.Homepage - INFO - Entered valid username in the Sign-In field.
2025-02-02 18:12:37,447 - pages.Homepage - INFO - Entered valid password in the Sign-In field.
2025-02-02 18:12:39,062 - pages.Homepage - INFO - Clicked the Sign-In button.
2025-02-02 18:12:40,930 - pages.Homepage - INFO - Navigated to the Home Page.
2025-02-02 18:13:00,685 - pages.Homepage - INFO - Navigated to the Home Page.
2025-02-02 18:13:01,140 - pages.Homepage - INFO - Hovered over the navbar.
2025-02-02 18:13:03,428 - pages.Homepage - INFO - Selected option from the navbar dropdown.
2025-02-02 18:13:15,048 - pages.Homepage - INFO - Navigated to the Home Page.
2025-02-02 18:13:15,654 - pages.Homepage - ERROR - Failed to interact with the search bar: Message: no such window: target window already closed
from unknown error: web view not found
  (Session info: chrome=132.0.6834.160)
Stacktrace:
	GetHandleVerifier [0x00007FF63AA76CC5+28821]
	(No symbol) [0x00007FF63A9E3850]
	(No symbol) [0x00007FF63A88578A]
	(No symbol) [0x00007FF63A85F4F5]
	(No symbol) [0x00007FF63A906247]
	(No symbol) [0x00007FF63A91ECE2]
	(No symbol) [0x00007FF63A8FF0A3]
	(No symbol) [0x00007FF63A8CA778]
	(No symbol) [0x00007FF63A8CB8E1]
	GetHandleVerifier [0x00007FF63ADAFCCD+3408029]
	GetHandleVerifier [0x00007FF63ADC743F+3504143]
	GetHandleVerifier [0x00007FF63ADBB61D+3455469]
	GetHandleVerifier [0x00007FF63AB3BDCB+835995]
	(No symbol) [0x00007FF63A9EEB6F]
	(No symbol) [0x00007FF63A9EA824]
	(No symbol) [0x00007FF63A9EA9BD]
	(No symbol) [0x00007FF63A9DA1A9]
	BaseThreadInitThunk [0x00007FF856C5E8D7+23]
	RtlUserThreadStart [0x00007FF85895FBCC+44]

2025-02-02 18:13:18,411 - pages.Homepage - ERROR - Failed to navigate to the Home Page: Message: no such window: target window already closed
from unknown error: web view not found
  (Session info: chrome=132.0.6834.160)
Stacktrace:
	GetHandleVerifier [0x00007FF63AA76CC5+28821]
	(No symbol) [0x00007FF63A9E3850]
	(No symbol) [0x00007FF63A88578A]
	(No symbol) [0x00007FF63A85F4F5]
	(No symbol) [0x00007FF63A906247]
	(No symbol) [0x00007FF63A91ECE2]
	(No symbol) [0x00007FF63A8FF0A3]
	(No symbol) [0x00007FF63A8CA778]
	(No symbol) [0x00007FF63A8CB8E1]
	GetHandleVerifier [0x00007FF63ADAFCCD+3408029]
	GetHandleVerifier [0x00007FF63ADC743F+3504143]
	GetHandleVerifier [0x00007FF63ADBB61D+3455469]
	GetHandleVerifier [0x00007FF63AB3BDCB+835995]
	(No symbol) [0x00007FF63A9EEB6F]
	(No symbol) [0x00007FF63A9EA824]
	(No symbol) [0x00007FF63A9EA9BD]
	(No symbol) [0x00007FF63A9DA1A9]
	BaseThreadInitThunk [0x00007FF856C5E8D7+23]
	RtlUserThreadStart [0x00007FF85895FBCC+44]

2025-02-02 18:13:21,530 - pages.Homepage - ERROR - Failed to navigate to the Home Page: Message: no such window: target window already closed
from unknown error: web view not found
  (Session info: chrome=132.0.6834.160)
Stacktrace:
	GetHandleVerifier [0x00007FF63AA76CC5+28821]
	(No symbol) [0x00007FF63A9E3850]
	(No symbol) [0x00007FF63A88578A]
	(No symbol) [0x00007FF63A85F4F5]
	(No symbol) [0x00007FF63A906247]
	(No symbol) [0x00007FF63A91ECE2]
	(No symbol) [0x00007FF63A8FF0A3]
	(No symbol) [0x00007FF63A8CA778]
	(No symbol) [0x00007FF63A8CB8E1]
	GetHandleVerifier [0x00007FF63ADAFCCD+3408029]
	GetHandleVerifier [0x00007FF63ADC743F+3504143]
	GetHandleVerifier [0x00007FF63ADBB61D+3455469]
	GetHandleVerifier [0x00007FF63AB3BDCB+835995]
	(No symbol) [0x00007FF63A9EEB6F]
	(No symbol) [0x00007FF63A9EA824]
	(No symbol) [0x00007FF63A9EA9BD]
	(No symbol) [0x00007FF63A9DA1A9]
	BaseThreadInitThunk [0x00007FF856C5E8D7+23]
	RtlUserThreadStart [0x00007FF85895FBCC+44]

2025-02-02 18:13:34,704 - pages.Homepage - ERROR - Failed to navigate to the Home Page: Message: no such window: target window already closed
from unknown error: web view not found
  (Session info: chrome=132.0.6834.160)
Stacktrace:
	GetHandleVerifier [0x00007FF63AA76CC5+28821]
	(No symbol) [0x00007FF63A9E3850]
	(No symbol) [0x00007FF63A88578A]
	(No symbol) [0x00007FF63A85F4F5]
	(No symbol) [0x00007FF63A906247]
	(No symbol) [0x00007FF63A91ECE2]
	(No symbol) [0x00007FF63A8FF0A3]
	(No symbol) [0x00007FF63A8CA778]
	(No symbol) [0x00007FF63A8CB8E1]
	GetHandleVerifier [0x00007FF63ADAFCCD+3408029]
	GetHandleVerifier [0x00007FF63ADC743F+3504143]
	GetHandleVerifier [0x00007FF63ADBB61D+3455469]
	GetHandleVerifier [0x00007FF63AB3BDCB+835995]
	(No symbol) [0x00007FF63A9EEB6F]
	(No symbol) [0x00007FF63A9EA824]
	(No symbol) [0x00007FF63A9EA9BD]
	(No symbol) [0x00007FF63A9DA1A9]
	BaseThreadInitThunk [0x00007FF856C5E8D7+23]
	RtlUserThreadStart [0x00007FF85895FBCC+44]

2025-02-02 18:13:37,908 - pages.Homepage - ERROR - Failed to navigate to Sign-In Page: Message: no such window: target window already closed
from unknown error: web view not found
  (Session info: chrome=132.0.6834.160)
Stacktrace:
	GetHandleVerifier [0x00007FF63AA76CC5+28821]
	(No symbol) [0x00007FF63A9E3850]
	(No symbol) [0x00007FF63A88578A]
	(No symbol) [0x00007FF63A85F4F5]
	(No symbol) [0x00007FF63A906247]
	(No symbol) [0x00007FF63A91ECE2]
	(No symbol) [0x00007FF63A8FF0A3]
	(No symbol) [0x00007FF63A8CA778]
	(No symbol) [0x00007FF63A8CB8E1]
	GetHandleVerifier [0x00007FF63ADAFCCD+3408029]
	GetHandleVerifier [0x00007FF63ADC743F+3504143]
	GetHandleVerifier [0x00007FF63ADBB61D+3455469]
	GetHandleVerifier [0x00007FF63AB3BDCB+835995]
	(No symbol) [0x00007FF63A9EEB6F]
	(No symbol) [0x00007FF63A9EA824]
	(No symbol) [0x00007FF63A9EA9BD]
	(No symbol) [0x00007FF63A9DA1A9]
	BaseThreadInitThunk [0x00007FF856C5E8D7+23]
	RtlUserThreadStart [0x00007FF85895FBCC+44]

2025-02-02 18:13:40,991 - pages.Homepage - ERROR - Failed to navigate to Sign-In Page: Message: no such window: target window already closed
from unknown error: web view not found
  (Session info: chrome=132.0.6834.160)
Stacktrace:
	GetHandleVerifier [0x00007FF63AA76CC5+28821]
	(No symbol) [0x00007FF63A9E3850]
	(No symbol) [0x00007FF63A88578A]
	(No symbol) [0x00007FF63A85F4F5]
	(No symbol) [0x00007FF63A906247]
	(No symbol) [0x00007FF63A91ECE2]
	(No symbol) [0x00007FF63A8FF0A3]
	(No symbol) [0x00007FF63A8CA778]
	(No symbol) [0x00007FF63A8CB8E1]
	GetHandleVerifier [0x00007FF63ADAFCCD+3408029]
	GetHandleVerifier [0x00007FF63ADC743F+3504143]
	GetHandleVerifier [0x00007FF63ADBB61D+3455469]
	GetHandleVerifier [0x00007FF63AB3BDCB+835995]
	(No symbol) [0x00007FF63A9EEB6F]
	(No symbol) [0x00007FF63A9EA824]
	(No symbol) [0x00007FF63A9EA9BD]
	(No symbol) [0x00007FF63A9DA1A9]
	BaseThreadInitThunk [0x00007FF856C5E8D7+23]
	RtlUserThreadStart [0x00007FF85895FBCC+44]

2025-02-02 18:13:43,617 - pages.Homepage - ERROR - Failed to navigate to the Home Page: Message: no such window: target window already closed
from unknown error: web view not found
  (Session info: chrome=132.0.6834.160)
Stacktrace:
	GetHandleVerifier [0x00007FF63AA76CC5+28821]
	(No symbol) [0x00007FF63A9E3850]
	(No symbol) [0x00007FF63A88578A]
	(No symbol) [0x00007FF63A85F4F5]
	(No symbol) [0x00007FF63A906247]
	(No symbol) [0x00007FF63A91ECE2]
	(No symbol) [0x00007FF63A8FF0A3]
	(No symbol) [0x00007FF63A8CA778]
	(No symbol) [0x00007FF63A8CB8E1]
	GetHandleVerifier [0x00007FF63ADAFCCD+3408029]
	GetHandleVerifier [0x00007FF63ADC743F+3504143]
	GetHandleVerifier [0x00007FF63ADBB61D+3455469]
	GetHandleVerifier [0x00007FF63AB3BDCB+835995]
	(No symbol) [0x00007FF63A9EEB6F]
	(No symbol) [0x00007FF63A9EA824]
	(No symbol) [0x00007FF63A9EA9BD]
	(No symbol) [0x00007FF63A9DA1A9]
	BaseThreadInitThunk [0x00007FF856C5E8D7+23]
	RtlUserThreadStart [0x00007FF85895FBCC+44]

2025-02-02 18:14:23,237 - pages.Homepage - INFO - Navigated to the Home Page.
2025-02-02 18:14:49,252 - pages.Homepage - INFO - Navigated to the Home Page.
2025-02-02 18:14:50,929 - pages.Homepage - INFO - Navigated to Sign-In Page.
2025-02-02 18:14:51,352 - pages.Homepage - INFO - Entered valid username in the Sign-In field.
2025-02-02 18:14:54,718 - pages.Homepage - INFO - Entered valid password in the Sign-In field.
2025-02-02 18:14:56,451 - pages.Homepage - INFO - Clicked the Sign-In button.
2025-02-02 18:15:46,519 - pages.Homepage - INFO - Navigated to the Home Page.
2025-02-02 18:15:48,069 - pages.Homepage - INFO - Navigated to Sign-In Page.
2025-02-02 18:15:48,467 - pages.Homepage - INFO - Entered valid username in the Sign-In field.
2025-02-02 18:15:51,815 - pages.Homepage - INFO - Entered valid password in the Sign-In field.
2025-02-02 18:15:53,378 - pages.Homepage - INFO - Clicked the Sign-In button.
2025-02-02 18:15:55,245 - pages.Homepage - INFO - Navigated to the Home Page.
2025-02-02 18:16:14,719 - pages.Homepage - INFO - Navigated to the Home Page.
2025-02-02 18:16:15,067 - pages.Homepage - INFO - Hovered over the navbar.
2025-02-02 18:16:17,466 - pages.Homepage - INFO - Selected option from the navbar dropdown.
2025-02-02 18:16:28,579 - pages.Homepage - INFO - Navigated to the Home Page.
2025-02-02 18:16:29,258 - pages.Homepage - INFO - Searched for 'Shirts' in the search bar.
2025-02-02 18:16:31,194 - pages.Homepage - INFO - Clicked the search button and searched the product.
2025-02-02 18:16:42,202 - pages.Homepage - INFO - Navigated to the Home Page.
2025-02-02 18:16:42,629 - pages.Homepage - INFO - Hovered over the navbar.
2025-02-02 18:16:43,893 - pages.Homepage - INFO - Selected option from the navbar dropdown.
2025-02-02 18:17:09,750 - pages.Homepage - INFO - Navigated to the Home Page.
2025-02-02 18:17:27,871 - pages.Homepage - INFO - Navigated to the Home Page.
2025-02-02 18:17:48,817 - pages.Homepage - INFO - Navigated to Sign-In Page.
2025-02-02 18:17:49,063 - pages.Homepage - INFO - Entered username in the Sign-In field.
2025-02-02 18:17:49,364 - pages.Homepage - INFO - Entered password in the Sign-In field.
2025-02-02 18:17:50,706 - pages.Homepage - INFO - Clicked the Sign-In button.
2025-02-02 18:18:00,691 - pages.Homepage - INFO - Navigated to Sign-In Page.
2025-02-02 18:18:01,087 - pages.Homepage - INFO - Entered valid username in the Sign-In field.
2025-02-02 18:18:04,442 - pages.Homepage - INFO - Entered valid password in the Sign-In field.
2025-02-02 18:18:06,111 - pages.Homepage - INFO - Clicked the Sign-In button.
2025-02-02 18:18:06,245 - pages.Homepage - INFO - Sign-In failed with message: MY ACCOUNT
2025-02-02 18:18:18,030 - pages.Homepage - INFO - Navigated to the Home Page.
2025-02-02 18:18:19,837 - pages.Homepage - INFO - Navigated to Sign-In Page.
2025-02-02 18:18:20,283 - pages.Homepage - INFO - Entered valid username in the Sign-In field.
2025-02-02 18:18:23,697 - pages.Homepage - INFO - Entered valid password in the Sign-In field.
2025-02-02 18:18:25,473 - pages.Homepage - INFO - Clicked the Sign-In button.
2025-02-02 18:18:27,592 - pages.Homepage - INFO - Navigated to the Home Page.
2025-02-02 18:37:47,497 - pages.Homepage - INFO - Navigated to the Home Page.
2025-02-02 18:38:13,325 - pages.Homepage - INFO - Navigated to the Home Page.
2025-02-02 18:38:14,896 - pages.Homepage - INFO - Navigated to Sign-In Page.
2025-02-02 18:38:15,350 - pages.Homepage - INFO - Entered valid username in the Sign-In field.
2025-02-02 18:38:18,794 - pages.Homepage - INFO - Entered valid password in the Sign-In field.
2025-02-02 18:38:20,350 - pages.Homepage - INFO - Clicked the Sign-In button.
2025-02-02 18:39:09,412 - pages.Homepage - INFO - Navigated to the Home Page.
2025-02-02 18:39:11,257 - pages.Homepage - INFO - Navigated to Sign-In Page.
2025-02-02 18:39:11,685 - pages.Homepage - INFO - Entered valid username in the Sign-In field.
2025-02-02 18:39:15,111 - pages.Homepage - INFO - Entered valid password in the Sign-In field.
2025-02-02 18:39:16,851 - pages.Homepage - INFO - Clicked the Sign-In button.
2025-02-02 18:39:18,873 - pages.Homepage - INFO - Navigated to the Home Page.
2025-02-02 18:39:38,012 - pages.Homepage - INFO - Navigated to the Home Page.
2025-02-02 18:39:38,524 - pages.Homepage - INFO - Hovered over the navbar.
2025-02-02 18:39:39,653 - pages.Homepage - INFO - Selected option from the navbar dropdown.
2025-02-02 18:39:49,901 - pages.Homepage - INFO - Navigated to the Home Page.
2025-02-02 18:39:50,601 - pages.Homepage - INFO - Searched for 'Shirts' in the search bar.
2025-02-02 18:39:52,384 - pages.Homepage - INFO - Clicked the search button and searched the product.
2025-02-02 18:40:01,549 - pages.Homepage - INFO - Navigated to the Home Page.
2025-02-02 18:40:01,969 - pages.Homepage - INFO - Hovered over the navbar.
2025-02-02 18:40:03,127 - pages.Homepage - INFO - Selected option from the navbar dropdown.
2025-02-02 18:40:28,059 - pages.Homepage - INFO - Navigated to the Home Page.
2025-02-02 18:40:45,404 - pages.Homepage - INFO - Navigated to the Home Page.
2025-02-02 18:41:05,209 - pages.Homepage - INFO - Navigated to Sign-In Page.
2025-02-02 18:41:05,409 - pages.Homepage - INFO - Entered username in the Sign-In field.
2025-02-02 18:41:05,563 - pages.Homepage - INFO - Entered password in the Sign-In field.
2025-02-02 18:41:06,064 - pages.Homepage - INFO - Clicked the Sign-In button.
2025-02-02 18:41:16,087 - pages.Homepage - INFO - Navigated to Sign-In Page.
2025-02-02 18:41:16,343 - pages.Homepage - INFO - Entered valid username in the Sign-In field.
2025-02-02 18:41:19,561 - pages.Homepage - INFO - Entered valid password in the Sign-In field.
2025-02-02 18:41:21,023 - pages.Homepage - INFO - Clicked the Sign-In button.
2025-02-02 18:41:21,094 - pages.Homepage - INFO - Sign-In failed with message: MY ACCOUNT
2025-02-02 18:41:30,277 - pages.Homepage - INFO - Navigated to the Home Page.
2025-02-02 18:41:31,752 - pages.Homepage - INFO - Navigated to Sign-In Page.
2025-02-02 18:41:32,050 - pages.Homepage - INFO - Entered valid username in the Sign-In field.
2025-02-02 18:41:35,308 - pages.Homepage - INFO - Entered valid password in the Sign-In field.
2025-02-02 18:41:36,801 - pages.Homepage - INFO - Clicked the Sign-In button.
2025-02-02 18:41:38,625 - pages.Homepage - INFO - Navigated to the Home Page.
2025-02-02 19:09:39,812 - pages.Homepage - INFO - Navigated to the Home Page.
2025-02-02 19:09:40,150 - pages.Homepage - INFO - Hovered over the navbar.
2025-02-02 19:09:41,266 - pages.Homepage - INFO - Selected option from the navbar dropdown.
2025-02-02 19:11:01,484 - pages.Homepage - INFO - Navigated to the Home Page.
2025-02-02 19:11:23,407 - pages.Homepage - INFO - Navigated to the Home Page.
2025-02-02 19:11:24,779 - pages.Homepage - INFO - Navigated to Sign-In Page.
2025-02-02 19:11:24,994 - pages.Homepage - INFO - Entered valid username in the Sign-In field.
2025-02-02 19:11:28,245 - pages.Homepage - INFO - Entered valid password in the Sign-In field.
2025-02-02 19:11:29,608 - pages.Homepage - INFO - Clicked the Sign-In button.
2025-02-02 19:12:11,875 - pages.Homepage - INFO - Navigated to the Home Page.
2025-02-02 19:12:13,323 - pages.Homepage - INFO - Navigated to Sign-In Page.
2025-02-02 19:12:13,491 - pages.Homepage - INFO - Entered valid username in the Sign-In field.
2025-02-02 19:12:16,646 - pages.Homepage - INFO - Entered valid password in the Sign-In field.
2025-02-02 19:12:18,084 - pages.Homepage - INFO - Clicked the Sign-In button.
2025-02-02 19:12:19,754 - pages.Homepage - INFO - Navigated to the Home Page.
2025-02-02 19:12:36,351 - pages.Homepage - INFO - Navigated to the Home Page.
2025-02-02 19:12:36,681 - pages.Homepage - INFO - Hovered over the navbar.
2025-02-02 19:12:37,797 - pages.Homepage - INFO - Selected option from the navbar dropdown.
2025-02-02 19:12:51,100 - pages.Homepage - INFO - Navigated to the Home Page.
2025-02-02 19:12:51,452 - pages.Homepage - INFO - Searched for 'Shirts' in the search bar.
2025-02-02 19:12:53,099 - pages.Homepage - INFO - Clicked the search button and searched the product.
2025-02-02 19:13:02,296 - pages.Homepage - INFO - Navigated to the Home Page.
2025-02-02 19:13:02,602 - pages.Homepage - INFO - Hovered over the navbar.
2025-02-02 19:13:03,691 - pages.Homepage - INFO - Selected option from the navbar dropdown.
2025-02-02 19:13:27,189 - pages.Homepage - INFO - Navigated to the Home Page.
2025-02-02 19:13:43,291 - pages.Homepage - INFO - Navigated to the Home Page.
2025-02-02 19:13:59,899 - pages.Homepage - INFO - Navigated to Sign-In Page.
2025-02-02 19:14:00,006 - pages.Homepage - INFO - Entered username in the Sign-In field.
2025-02-02 19:14:00,140 - pages.Homepage - INFO - Entered password in the Sign-In field.
2025-02-02 19:14:01,241 - pages.Homepage - INFO - Clicked the Sign-In button.
2025-02-02 19:14:18,952 - pages.Homepage - INFO - Navigated to Sign-In Page.
2025-02-02 19:14:19,137 - pages.Homepage - INFO - Entered valid username in the Sign-In field.
2025-02-02 19:14:22,318 - pages.Homepage - INFO - Entered valid password in the Sign-In field.
2025-02-02 19:14:23,624 - pages.Homepage - INFO - Clicked the Sign-In button.
2025-02-02 19:14:23,652 - pages.Homepage - INFO - Sign-In failed with message: MY ACCOUNT
2025-02-02 19:14:32,942 - pages.Homepage - INFO - Navigated to the Home Page.
2025-02-02 19:14:34,397 - pages.Homepage - INFO - Navigated to Sign-In Page.
2025-02-02 19:14:34,580 - pages.Homepage - INFO - Entered valid username in the Sign-In field.
2025-02-02 19:14:37,750 - pages.Homepage - INFO - Entered valid password in the Sign-In field.
2025-02-02 19:14:39,111 - pages.Homepage - INFO - Clicked the Sign-In button.
2025-02-02 19:14:40,779 - pages.Homepage - INFO - Navigated to the Home Page.
2025-02-02 23:59:06,812 - pages.Homepage - INFO - Navigated to the Home Page.
2025-02-02 23:59:26,542 - pages.Homepage - INFO - Navigated to the Home Page.
2025-02-02 23:59:27,794 - pages.Homepage - INFO - Navigated to Sign-In Page.
2025-02-02 23:59:27,929 - pages.Homepage - INFO - Entered valid username in the Sign-In field.
2025-02-02 23:59:31,051 - pages.Homepage - INFO - Entered valid password in the Sign-In field.
2025-02-02 23:59:32,393 - pages.Homepage - INFO - Clicked the Sign-In button.
2025-02-03 00:00:12,764 - pages.Homepage - INFO - Navigated to the Home Page.
2025-02-03 00:00:14,079 - pages.Homepage - INFO - Navigated to Sign-In Page.
2025-02-03 00:00:14,203 - pages.Homepage - INFO - Entered valid username in the Sign-In field.
2025-02-03 00:00:17,329 - pages.Homepage - INFO - Entered valid password in the Sign-In field.
2025-02-03 00:00:18,682 - pages.Homepage - INFO - Clicked the Sign-In button.
2025-02-03 00:00:20,266 - pages.Homepage - INFO - Navigated to the Home Page.
2025-02-03 00:00:36,338 - pages.Homepage - INFO - Navigated to the Home Page.
2025-02-03 00:00:36,625 - pages.Homepage - INFO - Hovered over the navbar.
2025-02-03 00:00:37,677 - pages.Homepage - INFO - Selected option from the navbar dropdown.
2025-02-03 00:00:45,505 - pages.Homepage - INFO - Navigated to the Home Page.
2025-02-03 00:00:45,645 - pages.Homepage - INFO - Searched for 'Shirts' in the search bar.
2025-02-03 00:00:47,101 - pages.Homepage - INFO - Clicked the search button and searched the product.
2025-02-03 00:00:55,302 - pages.Homepage - INFO - Navigated to the Home Page.
2025-02-03 00:00:55,588 - pages.Homepage - INFO - Hovered over the navbar.
2025-02-03 00:00:56,659 - pages.Homepage - INFO - Selected option from the navbar dropdown.
2025-02-03 00:01:20,986 - pages.Homepage - INFO - Navigated to the Home Page.
2025-02-03 00:01:35,124 - pages.Homepage - INFO - Navigated to the Home Page.
2025-02-03 00:01:50,806 - pages.Homepage - INFO - Navigated to Sign-In Page.
2025-02-03 00:01:50,890 - pages.Homepage - INFO - Entered username in the Sign-In field.
2025-02-03 00:01:50,988 - pages.Homepage - INFO - Entered password in the Sign-In field.
2025-02-03 00:01:51,417 - pages.Homepage - INFO - Clicked the Sign-In button.
2025-02-03 00:01:58,951 - pages.Homepage - INFO - Navigated to Sign-In Page.
2025-02-03 00:01:59,077 - pages.Homepage - INFO - Entered valid username in the Sign-In field.
2025-02-03 00:02:02,182 - pages.Homepage - INFO - Entered valid password in the Sign-In field.
2025-02-03 00:02:03,497 - pages.Homepage - INFO - Clicked the Sign-In button.
2025-02-03 00:02:03,547 - pages.Homepage - INFO - Sign-In failed with message: MY ACCOUNT
2025-02-03 00:02:15,867 - pages.Homepage - INFO - Navigated to the Home Page.
2025-02-03 00:02:17,197 - pages.Homepage - INFO - Navigated to Sign-In Page.
2025-02-03 00:02:17,389 - pages.Homepage - INFO - Entered valid username in the Sign-In field.
2025-02-03 00:02:20,580 - pages.Homepage - INFO - Entered valid password in the Sign-In field.
2025-02-03 00:02:21,996 - pages.Homepage - INFO - Clicked the Sign-In button.
2025-02-03 00:02:23,688 - pages.Homepage - INFO - Navigated to the Home Page.
2025-02-03 00:04:03,783 - pages.Homepage - INFO - Navigated to the Home Page.
2025-02-03 00:04:22,991 - pages.Homepage - INFO - Navigated to the Home Page.
2025-02-03 00:04:24,290 - pages.Homepage - INFO - Navigated to Sign-In Page.
2025-02-03 00:04:24,414 - pages.Homepage - INFO - Entered valid username in the Sign-In field.
2025-02-03 00:04:27,537 - pages.Homepage - INFO - Entered valid password in the Sign-In field.
2025-02-03 00:04:28,873 - pages.Homepage - INFO - Clicked the Sign-In button.
2025-02-03 00:05:07,983 - pages.Homepage - INFO - Navigated to the Home Page.
2025-02-03 00:05:09,270 - pages.Homepage - INFO - Navigated to Sign-In Page.
2025-02-03 00:05:09,398 - pages.Homepage - INFO - Entered valid username in the Sign-In field.
2025-02-03 00:05:12,516 - pages.Homepage - INFO - Entered valid password in the Sign-In field.
2025-02-03 00:05:13,844 - pages.Homepage - INFO - Clicked the Sign-In button.
2025-02-03 00:05:15,395 - pages.Homepage - INFO - Navigated to the Home Page.
2025-02-03 00:05:32,119 - pages.Homepage - INFO - Navigated to the Home Page.
2025-02-03 00:05:32,416 - pages.Homepage - INFO - Hovered over the navbar.
2025-02-03 00:05:33,484 - pages.Homepage - INFO - Selected option from the navbar dropdown.
2025-02-03 00:05:41,439 - pages.Homepage - INFO - Navigated to the Home Page.
2025-02-03 00:05:41,574 - pages.Homepage - INFO - Searched for 'Shirts' in the search bar.
2025-02-03 00:05:43,031 - pages.Homepage - INFO - Clicked the search button and searched the product.
2025-02-03 00:05:50,904 - pages.Homepage - INFO - Navigated to the Home Page.
2025-02-03 00:05:51,195 - pages.Homepage - INFO - Hovered over the navbar.
2025-02-03 00:05:52,251 - pages.Homepage - INFO - Selected option from the navbar dropdown.
2025-02-03 00:06:13,966 - pages.Homepage - INFO - Navigated to the Home Page.
2025-02-03 00:06:24,096 - pages.Homepage - ERROR - Failed to navigate to the Home Page: Message: no such window: target window already closed
from unknown error: web view not found
  (Session info: chrome=132.0.6834.160)
Stacktrace:
	GetHandleVerifier [0x00007FF770DD6CC5+28821]
	(No symbol) [0x00007FF770D43850]
	(No symbol) [0x00007FF770BE578A]
	(No symbol) [0x00007FF770BBF4F5]
	(No symbol) [0x00007FF770C66247]
	(No symbol) [0x00007FF770C7ECE2]
	(No symbol) [0x00007FF770C5F0A3]
	(No symbol) [0x00007FF770C2A778]
	(No symbol) [0x00007FF770C2B8E1]
	GetHandleVerifier [0x00007FF77110FCCD+3408029]
	GetHandleVerifier [0x00007FF77112743F+3504143]
	GetHandleVerifier [0x00007FF77111B61D+3455469]
	GetHandleVerifier [0x00007FF770E9BDCB+835995]
	(No symbol) [0x00007FF770D4EB6F]
	(No symbol) [0x00007FF770D4A824]
	(No symbol) [0x00007FF770D4A9BD]
	(No symbol) [0x00007FF770D3A1A9]
	BaseThreadInitThunk [0x00007FF856C5E8D7+23]
	RtlUserThreadStart [0x00007FF85895FBCC+44]

2025-02-03 00:06:26,480 - pages.Homepage - ERROR - Failed to navigate to Sign-In Page: Message: no such window: target window already closed
from unknown error: web view not found
  (Session info: chrome=132.0.6834.160)
Stacktrace:
	GetHandleVerifier [0x00007FF770DD6CC5+28821]
	(No symbol) [0x00007FF770D43850]
	(No symbol) [0x00007FF770BE578A]
	(No symbol) [0x00007FF770BBF4F5]
	(No symbol) [0x00007FF770C66247]
	(No symbol) [0x00007FF770C7ECE2]
	(No symbol) [0x00007FF770C5F0A3]
	(No symbol) [0x00007FF770C2A778]
	(No symbol) [0x00007FF770C2B8E1]
	GetHandleVerifier [0x00007FF77110FCCD+3408029]
	GetHandleVerifier [0x00007FF77112743F+3504143]
	GetHandleVerifier [0x00007FF77111B61D+3455469]
	GetHandleVerifier [0x00007FF770E9BDCB+835995]
	(No symbol) [0x00007FF770D4EB6F]
	(No symbol) [0x00007FF770D4A824]
	(No symbol) [0x00007FF770D4A9BD]
	(No symbol) [0x00007FF770D3A1A9]
	BaseThreadInitThunk [0x00007FF856C5E8D7+23]
	RtlUserThreadStart [0x00007FF85895FBCC+44]

2025-02-03 00:06:28,763 - pages.Homepage - ERROR - Failed to navigate to Sign-In Page: Message: no such window: target window already closed
from unknown error: web view not found
  (Session info: chrome=132.0.6834.160)
Stacktrace:
	GetHandleVerifier [0x00007FF770DD6CC5+28821]
	(No symbol) [0x00007FF770D43850]
	(No symbol) [0x00007FF770BE578A]
	(No symbol) [0x00007FF770BBF4F5]
	(No symbol) [0x00007FF770C66247]
	(No symbol) [0x00007FF770C7ECE2]
	(No symbol) [0x00007FF770C5F0A3]
	(No symbol) [0x00007FF770C2A778]
	(No symbol) [0x00007FF770C2B8E1]
	GetHandleVerifier [0x00007FF77110FCCD+3408029]
	GetHandleVerifier [0x00007FF77112743F+3504143]
	GetHandleVerifier [0x00007FF77111B61D+3455469]
	GetHandleVerifier [0x00007FF770E9BDCB+835995]
	(No symbol) [0x00007FF770D4EB6F]
	(No symbol) [0x00007FF770D4A824]
	(No symbol) [0x00007FF770D4A9BD]
	(No symbol) [0x00007FF770D3A1A9]
	BaseThreadInitThunk [0x00007FF856C5E8D7+23]
	RtlUserThreadStart [0x00007FF85895FBCC+44]

2025-02-03 00:06:31,151 - pages.Homepage - ERROR - Failed to navigate to the Home Page: Message: no such window: target window already closed
from unknown error: web view not found
  (Session info: chrome=132.0.6834.160)
Stacktrace:
	GetHandleVerifier [0x00007FF770DD6CC5+28821]
	(No symbol) [0x00007FF770D43850]
	(No symbol) [0x00007FF770BE578A]
	(No symbol) [0x00007FF770BBF4F5]
	(No symbol) [0x00007FF770C66247]
	(No symbol) [0x00007FF770C7ECE2]
	(No symbol) [0x00007FF770C5F0A3]
	(No symbol) [0x00007FF770C2A778]
	(No symbol) [0x00007FF770C2B8E1]
	GetHandleVerifier [0x00007FF77110FCCD+3408029]
	GetHandleVerifier [0x00007FF77112743F+3504143]
	GetHandleVerifier [0x00007FF77111B61D+3455469]
	GetHandleVerifier [0x00007FF770E9BDCB+835995]
	(No symbol) [0x00007FF770D4EB6F]
	(No symbol) [0x00007FF770D4A824]
	(No symbol) [0x00007FF770D4A9BD]
	(No symbol) [0x00007FF770D3A1A9]
	BaseThreadInitThunk [0x00007FF856C5E8D7+23]
	RtlUserThreadStart [0x00007FF85895FBCC+44]

2025-02-03 00:07:24,651 - pages.Homepage - INFO - Navigated to the Home Page.
2025-02-03 00:07:24,936 - pages.Homepage - INFO - Hovered over the navbar.
2025-02-03 00:07:26,019 - pages.Homepage - INFO - Selected option from the navbar dropdown.
2025-02-03 00:10:19,394 - pages.Homepage - INFO - Navigated to the Home Page.
2025-02-03 00:10:19,704 - pages.Homepage - INFO - Hovered over the navbar.
2025-02-03 00:10:20,845 - pages.Homepage - INFO - Selected option from the navbar dropdown.
2025-02-03 00:14:01,296 - pages.Homepage - INFO - Navigated to the Home Page.
2025-02-03 00:14:01,603 - pages.Homepage - INFO - Hovered over the navbar.
2025-02-03 00:14:02,660 - pages.Homepage - INFO - Selected option from the navbar dropdown.
2025-02-03 00:15:27,954 - pages.Homepage - INFO - Navigated to the Home Page.
2025-02-03 00:15:47,386 - pages.Homepage - INFO - Navigated to the Home Page.
2025-02-03 00:15:48,688 - pages.Homepage - INFO - Navigated to Sign-In Page.
2025-02-03 00:15:48,807 - pages.Homepage - INFO - Entered valid username in the Sign-In field.
2025-02-03 00:15:51,956 - pages.Homepage - INFO - Entered valid password in the Sign-In field.
2025-02-03 00:15:53,299 - pages.Homepage - INFO - Clicked the Sign-In button.
2025-02-03 00:16:32,013 - pages.Homepage - INFO - Navigated to the Home Page.
2025-02-03 00:16:33,304 - pages.Homepage - INFO - Navigated to Sign-In Page.
2025-02-03 00:16:33,430 - pages.Homepage - INFO - Entered valid username in the Sign-In field.
2025-02-03 00:16:36,551 - pages.Homepage - INFO - Entered valid password in the Sign-In field.
2025-02-03 00:16:37,920 - pages.Homepage - INFO - Clicked the Sign-In button.
2025-02-03 00:16:39,517 - pages.Homepage - INFO - Navigated to the Home Page.
2025-02-03 00:16:56,151 - pages.Homepage - INFO - Navigated to the Home Page.
2025-02-03 00:16:56,453 - pages.Homepage - INFO - Hovered over the navbar.
2025-02-03 00:16:57,563 - pages.Homepage - INFO - Selected option from the navbar dropdown.
2025-02-03 00:17:05,524 - pages.Homepage - INFO - Navigated to the Home Page.
2025-02-03 00:17:05,667 - pages.Homepage - INFO - Searched for 'Shirts' in the search bar.
2025-02-03 00:17:07,102 - pages.Homepage - INFO - Clicked the search button and searched the product.
2025-02-03 00:17:14,962 - pages.Homepage - INFO - Navigated to the Home Page.
2025-02-03 00:17:15,259 - pages.Homepage - INFO - Hovered over the navbar.
2025-02-03 00:17:16,271 - pages.Homepage - INFO - Selected option from the navbar dropdown.
2025-02-03 00:17:37,594 - pages.Homepage - INFO - Navigated to the Home Page.
2025-02-03 00:17:51,311 - pages.Homepage - INFO - Navigated to the Home Page.
2025-02-03 00:18:07,091 - pages.Homepage - INFO - Navigated to Sign-In Page.
2025-02-03 00:18:07,175 - pages.Homepage - INFO - Entered username in the Sign-In field.
2025-02-03 00:18:07,261 - pages.Homepage - INFO - Entered password in the Sign-In field.
2025-02-03 00:18:08,353 - pages.Homepage - INFO - Clicked the Sign-In button.
2025-02-03 00:18:16,025 - pages.Homepage - INFO - Navigated to Sign-In Page.
2025-02-03 00:18:16,147 - pages.Homepage - INFO - Entered valid username in the Sign-In field.
2025-02-03 00:18:19,270 - pages.Homepage - INFO - Entered valid password in the Sign-In field.
2025-02-03 00:18:20,627 - pages.Homepage - INFO - Clicked the Sign-In button.
2025-02-03 00:18:20,660 - pages.Homepage - INFO - Sign-In failed with message: MY ACCOUNT
2025-02-03 00:18:29,065 - pages.Homepage - INFO - Navigated to the Home Page.
2025-02-03 00:18:30,321 - pages.Homepage - INFO - Navigated to Sign-In Page.
2025-02-03 00:18:30,444 - pages.Homepage - INFO - Entered valid username in the Sign-In field.
2025-02-03 00:18:33,567 - pages.Homepage - INFO - Entered valid password in the Sign-In field.
2025-02-03 00:18:34,934 - pages.Homepage - INFO - Clicked the Sign-In button.
2025-02-03 00:18:37,502 - pages.Homepage - INFO - Navigated to the Home Page.
2025-02-03 10:51:32,369 - pages.Homepage - INFO - Navigated to the Home Page.
2025-02-03 10:51:32,850 - pages.Homepage - INFO - Hovered over the navbar.
2025-02-03 10:51:33,972 - pages.Homepage - INFO - Selected option from the navbar dropdown.
2025-02-03 11:23:12,602 - pages.Homepage - INFO - Navigated to the Home Page.
2025-02-03 11:23:13,046 - pages.Homepage - INFO - Hovered over the navbar.
2025-02-03 11:23:14,156 - pages.Homepage - INFO - Selected option from the navbar dropdown.
2025-02-03 13:54:01,311 - pages.Homepage - ERROR - Failed to navigate to the Home Page: Message: no such window: target window already closed
from unknown error: web view not found
  (Session info: chrome=132.0.6834.160)
Stacktrace:
	GetHandleVerifier [0x00007FF6A1C16CC5+28821]
	(No symbol) [0x00007FF6A1B83850]
	(No symbol) [0x00007FF6A1A2578A]
	(No symbol) [0x00007FF6A19FF4F5]
	(No symbol) [0x00007FF6A1AA6247]
	(No symbol) [0x00007FF6A1ABECE2]
	(No symbol) [0x00007FF6A1A9F0A3]
	(No symbol) [0x00007FF6A1A6A778]
	(No symbol) [0x00007FF6A1A6B8E1]
	GetHandleVerifier [0x00007FF6A1F4FCCD+3408029]
	GetHandleVerifier [0x00007FF6A1F6743F+3504143]
	GetHandleVerifier [0x00007FF6A1F5B61D+3455469]
	GetHandleVerifier [0x00007FF6A1CDBDCB+835995]
	(No symbol) [0x00007FF6A1B8EB6F]
	(No symbol) [0x00007FF6A1B8A824]
	(No symbol) [0x00007FF6A1B8A9BD]
	(No symbol) [0x00007FF6A1B7A1A9]
	BaseThreadInitThunk [0x00007FF856C5E8D7+23]
	RtlUserThreadStart [0x00007FF85895FBCC+44]

2025-02-03 13:54:04,024 - pages.Homepage - ERROR - Failed to navigate to the Home Page: Message: no such window: target window already closed
from unknown error: web view not found
  (Session info: chrome=132.0.6834.160)
Stacktrace:
	GetHandleVerifier [0x00007FF6A1C16CC5+28821]
	(No symbol) [0x00007FF6A1B83850]
	(No symbol) [0x00007FF6A1A2578A]
	(No symbol) [0x00007FF6A19FF4F5]
	(No symbol) [0x00007FF6A1AA6247]
	(No symbol) [0x00007FF6A1ABECE2]
	(No symbol) [0x00007FF6A1A9F0A3]
	(No symbol) [0x00007FF6A1A6A778]
	(No symbol) [0x00007FF6A1A6B8E1]
	GetHandleVerifier [0x00007FF6A1F4FCCD+3408029]
	GetHandleVerifier [0x00007FF6A1F6743F+3504143]
	GetHandleVerifier [0x00007FF6A1F5B61D+3455469]
	GetHandleVerifier [0x00007FF6A1CDBDCB+835995]
	(No symbol) [0x00007FF6A1B8EB6F]
	(No symbol) [0x00007FF6A1B8A824]
	(No symbol) [0x00007FF6A1B8A9BD]
	(No symbol) [0x00007FF6A1B7A1A9]
	BaseThreadInitThunk [0x00007FF856C5E8D7+23]
	RtlUserThreadStart [0x00007FF85895FBCC+44]

2025-02-03 13:54:08,764 - pages.Homepage - ERROR - Failed to navigate to the Home Page: Message: no such window: target window already closed
from unknown error: web view not found
  (Session info: chrome=132.0.6834.160)
Stacktrace:
	GetHandleVerifier [0x00007FF6A1C16CC5+28821]
	(No symbol) [0x00007FF6A1B83850]
	(No symbol) [0x00007FF6A1A2578A]
	(No symbol) [0x00007FF6A19FF4F5]
	(No symbol) [0x00007FF6A1AA6247]
	(No symbol) [0x00007FF6A1ABECE2]
	(No symbol) [0x00007FF6A1A9F0A3]
	(No symbol) [0x00007FF6A1A6A778]
	(No symbol) [0x00007FF6A1A6B8E1]
	GetHandleVerifier [0x00007FF6A1F4FCCD+3408029]
	GetHandleVerifier [0x00007FF6A1F6743F+3504143]
	GetHandleVerifier [0x00007FF6A1F5B61D+3455469]
	GetHandleVerifier [0x00007FF6A1CDBDCB+835995]
	(No symbol) [0x00007FF6A1B8EB6F]
	(No symbol) [0x00007FF6A1B8A824]
	(No symbol) [0x00007FF6A1B8A9BD]
	(No symbol) [0x00007FF6A1B7A1A9]
	BaseThreadInitThunk [0x00007FF856C5E8D7+23]
	RtlUserThreadStart [0x00007FF85895FBCC+44]

2025-02-03 13:54:11,423 - pages.Homepage - ERROR - Failed to navigate to the Home Page: Message: no such window: target window already closed
from unknown error: web view not found
  (Session info: chrome=132.0.6834.160)
Stacktrace:
	GetHandleVerifier [0x00007FF6A1C16CC5+28821]
	(No symbol) [0x00007FF6A1B83850]
	(No symbol) [0x00007FF6A1A2578A]
	(No symbol) [0x00007FF6A19FF4F5]
	(No symbol) [0x00007FF6A1AA6247]
	(No symbol) [0x00007FF6A1ABECE2]
	(No symbol) [0x00007FF6A1A9F0A3]
	(No symbol) [0x00007FF6A1A6A778]
	(No symbol) [0x00007FF6A1A6B8E1]
	GetHandleVerifier [0x00007FF6A1F4FCCD+3408029]
	GetHandleVerifier [0x00007FF6A1F6743F+3504143]
	GetHandleVerifier [0x00007FF6A1F5B61D+3455469]
	GetHandleVerifier [0x00007FF6A1CDBDCB+835995]
	(No symbol) [0x00007FF6A1B8EB6F]
	(No symbol) [0x00007FF6A1B8A824]
	(No symbol) [0x00007FF6A1B8A9BD]
	(No symbol) [0x00007FF6A1B7A1A9]
	BaseThreadInitThunk [0x00007FF856C5E8D7+23]
	RtlUserThreadStart [0x00007FF85895FBCC+44]

2025-02-03 13:54:14,060 - pages.Homepage - ERROR - Failed to navigate to the Home Page: Message: no such window: target window already closed
from unknown error: web view not found
  (Session info: chrome=132.0.6834.160)
Stacktrace:
	GetHandleVerifier [0x00007FF6A1C16CC5+28821]
	(No symbol) [0x00007FF6A1B83850]
	(No symbol) [0x00007FF6A1A2578A]
	(No symbol) [0x00007FF6A19FF4F5]
	(No symbol) [0x00007FF6A1AA6247]
	(No symbol) [0x00007FF6A1ABECE2]
	(No symbol) [0x00007FF6A1A9F0A3]
	(No symbol) [0x00007FF6A1A6A778]
	(No symbol) [0x00007FF6A1A6B8E1]
	GetHandleVerifier [0x00007FF6A1F4FCCD+3408029]
	GetHandleVerifier [0x00007FF6A1F6743F+3504143]
	GetHandleVerifier [0x00007FF6A1F5B61D+3455469]
	GetHandleVerifier [0x00007FF6A1CDBDCB+835995]
	(No symbol) [0x00007FF6A1B8EB6F]
	(No symbol) [0x00007FF6A1B8A824]
	(No symbol) [0x00007FF6A1B8A9BD]
	(No symbol) [0x00007FF6A1B7A1A9]
	BaseThreadInitThunk [0x00007FF856C5E8D7+23]
	RtlUserThreadStart [0x00007FF85895FBCC+44]

2025-02-03 13:54:31,337 - pages.Homepage - INFO - Navigated to the Home Page.
2025-02-03 13:54:31,665 - pages.Homepage - ERROR - Failed to hover over the navbar: Message: disconnected: not connected to DevTools
  (failed to check if window was closed: disconnected: not connected to DevTools)
  (Session info: chrome=132.0.6834.160)
Stacktrace:
	GetHandleVerifier [0x00007FF6A1C16CC5+28821]
	(No symbol) [0x00007FF6A1B83850]
	(No symbol) [0x00007FF6A1A2578A]
	(No symbol) [0x00007FF6A1A1230C]
	(No symbol) [0x00007FF6A1A3447A]
	(No symbol) [0x00007FF6A1ABF75A]
	(No symbol) [0x00007FF6A1A9F0A3]
	(No symbol) [0x00007FF6A1A6A778]
	(No symbol) [0x00007FF6A1A6B8E1]
	GetHandleVerifier [0x00007FF6A1F4FCCD+3408029]
	GetHandleVerifier [0x00007FF6A1F6743F+3504143]
	GetHandleVerifier [0x00007FF6A1F5B61D+3455469]
	GetHandleVerifier [0x00007FF6A1CDBDCB+835995]
	(No symbol) [0x00007FF6A1B8EB6F]
	(No symbol) [0x00007FF6A1B8A824]
	(No symbol) [0x00007FF6A1B8A9BD]
	(No symbol) [0x00007FF6A1B7A1A9]
	BaseThreadInitThunk [0x00007FF856C5E8D7+23]
	RtlUserThreadStart [0x00007FF85895FBCC+44]

2025-02-03 13:54:33,970 - pages.Homepage - ERROR - Failed to navigate to the Home Page: Message: no such window: target window already closed
from unknown error: web view not found
  (Session info: chrome=132.0.6834.160)
Stacktrace:
	GetHandleVerifier [0x00007FF6A1C16CC5+28821]
	(No symbol) [0x00007FF6A1B83850]
	(No symbol) [0x00007FF6A1A2578A]
	(No symbol) [0x00007FF6A19FF4F5]
	(No symbol) [0x00007FF6A1AA6247]
	(No symbol) [0x00007FF6A1ABECE2]
	(No symbol) [0x00007FF6A1A9F0A3]
	(No symbol) [0x00007FF6A1A6A778]
	(No symbol) [0x00007FF6A1A6B8E1]
	GetHandleVerifier [0x00007FF6A1F4FCCD+3408029]
	GetHandleVerifier [0x00007FF6A1F6743F+3504143]
	GetHandleVerifier [0x00007FF6A1F5B61D+3455469]
	GetHandleVerifier [0x00007FF6A1CDBDCB+835995]
	(No symbol) [0x00007FF6A1B8EB6F]
	(No symbol) [0x00007FF6A1B8A824]
	(No symbol) [0x00007FF6A1B8A9BD]
	(No symbol) [0x00007FF6A1B7A1A9]
	BaseThreadInitThunk [0x00007FF856C5E8D7+23]
	RtlUserThreadStart [0x00007FF85895FBCC+44]

2025-02-03 13:54:36,304 - pages.Homepage - ERROR - Failed to navigate to the Home Page: Message: no such window: target window already closed
from unknown error: web view not found
  (Session info: chrome=132.0.6834.160)
Stacktrace:
	GetHandleVerifier [0x00007FF6A1C16CC5+28821]
	(No symbol) [0x00007FF6A1B83850]
	(No symbol) [0x00007FF6A1A2578A]
	(No symbol) [0x00007FF6A19FF4F5]
	(No symbol) [0x00007FF6A1AA6247]
	(No symbol) [0x00007FF6A1ABECE2]
	(No symbol) [0x00007FF6A1A9F0A3]
	(No symbol) [0x00007FF6A1A6A778]
	(No symbol) [0x00007FF6A1A6B8E1]
	GetHandleVerifier [0x00007FF6A1F4FCCD+3408029]
	GetHandleVerifier [0x00007FF6A1F6743F+3504143]
	GetHandleVerifier [0x00007FF6A1F5B61D+3455469]
	GetHandleVerifier [0x00007FF6A1CDBDCB+835995]
	(No symbol) [0x00007FF6A1B8EB6F]
	(No symbol) [0x00007FF6A1B8A824]
	(No symbol) [0x00007FF6A1B8A9BD]
	(No symbol) [0x00007FF6A1B7A1A9]
	BaseThreadInitThunk [0x00007FF856C5E8D7+23]
	RtlUserThreadStart [0x00007FF85895FBCC+44]

2025-02-03 13:54:38,705 - pages.Homepage - ERROR - Failed to navigate to Sign-In Page: Message: no such window: target window already closed
from unknown error: web view not found
  (Session info: chrome=132.0.6834.160)
Stacktrace:
	GetHandleVerifier [0x00007FF6A1C16CC5+28821]
	(No symbol) [0x00007FF6A1B83850]
	(No symbol) [0x00007FF6A1A2578A]
	(No symbol) [0x00007FF6A19FF4F5]
	(No symbol) [0x00007FF6A1AA6247]
	(No symbol) [0x00007FF6A1ABECE2]
	(No symbol) [0x00007FF6A1A9F0A3]
	(No symbol) [0x00007FF6A1A6A778]
	(No symbol) [0x00007FF6A1A6B8E1]
	GetHandleVerifier [0x00007FF6A1F4FCCD+3408029]
	GetHandleVerifier [0x00007FF6A1F6743F+3504143]
	GetHandleVerifier [0x00007FF6A1F5B61D+3455469]
	GetHandleVerifier [0x00007FF6A1CDBDCB+835995]
	(No symbol) [0x00007FF6A1B8EB6F]
	(No symbol) [0x00007FF6A1B8A824]
	(No symbol) [0x00007FF6A1B8A9BD]
	(No symbol) [0x00007FF6A1B7A1A9]
	BaseThreadInitThunk [0x00007FF856C5E8D7+23]
	RtlUserThreadStart [0x00007FF85895FBCC+44]

2025-02-03 13:54:41,026 - pages.Homepage - ERROR - Failed to navigate to Sign-In Page: Message: no such window: target window already closed
from unknown error: web view not found
  (Session info: chrome=132.0.6834.160)
Stacktrace:
	GetHandleVerifier [0x00007FF6A1C16CC5+28821]
	(No symbol) [0x00007FF6A1B83850]
	(No symbol) [0x00007FF6A1A2578A]
	(No symbol) [0x00007FF6A19FF4F5]
	(No symbol) [0x00007FF6A1AA6247]
	(No symbol) [0x00007FF6A1ABECE2]
	(No symbol) [0x00007FF6A1A9F0A3]
	(No symbol) [0x00007FF6A1A6A778]
	(No symbol) [0x00007FF6A1A6B8E1]
	GetHandleVerifier [0x00007FF6A1F4FCCD+3408029]
	GetHandleVerifier [0x00007FF6A1F6743F+3504143]
	GetHandleVerifier [0x00007FF6A1F5B61D+3455469]
	GetHandleVerifier [0x00007FF6A1CDBDCB+835995]
	(No symbol) [0x00007FF6A1B8EB6F]
	(No symbol) [0x00007FF6A1B8A824]
	(No symbol) [0x00007FF6A1B8A9BD]
	(No symbol) [0x00007FF6A1B7A1A9]
	BaseThreadInitThunk [0x00007FF856C5E8D7+23]
	RtlUserThreadStart [0x00007FF85895FBCC+44]

2025-02-03 13:54:43,203 - pages.Homepage - ERROR - Failed to navigate to the Home Page: Message: no such window: target window already closed
from unknown error: web view not found
  (Session info: chrome=132.0.6834.160)
Stacktrace:
	GetHandleVerifier [0x00007FF6A1C16CC5+28821]
	(No symbol) [0x00007FF6A1B83850]
	(No symbol) [0x00007FF6A1A2578A]
	(No symbol) [0x00007FF6A19FF4F5]
	(No symbol) [0x00007FF6A1AA6247]
	(No symbol) [0x00007FF6A1ABECE2]
	(No symbol) [0x00007FF6A1A9F0A3]
	(No symbol) [0x00007FF6A1A6A778]
	(No symbol) [0x00007FF6A1A6B8E1]
	GetHandleVerifier [0x00007FF6A1F4FCCD+3408029]
	GetHandleVerifier [0x00007FF6A1F6743F+3504143]
	GetHandleVerifier [0x00007FF6A1F5B61D+3455469]
	GetHandleVerifier [0x00007FF6A1CDBDCB+835995]
	(No symbol) [0x00007FF6A1B8EB6F]
	(No symbol) [0x00007FF6A1B8A824]
	(No symbol) [0x00007FF6A1B8A9BD]
	(No symbol) [0x00007FF6A1B7A1A9]
	BaseThreadInitThunk [0x00007FF856C5E8D7+23]
	RtlUserThreadStart [0x00007FF85895FBCC+44]

2025-02-03 13:55:11,078 - pages.Homepage - INFO - Navigated to the Home Page.
2025-02-03 13:55:35,430 - pages.Homepage - INFO - Navigated to the Home Page.
2025-02-03 13:55:37,040 - pages.Homepage - INFO - Navigated to Sign-In Page.
2025-02-03 13:55:37,387 - pages.Homepage - INFO - Entered valid username in the Sign-In field.
2025-02-03 13:55:40,593 - pages.Homepage - INFO - Entered valid password in the Sign-In field.
2025-02-03 13:55:42,377 - pages.Homepage - INFO - Clicked the Sign-In button.
2025-02-03 13:56:28,269 - pages.Homepage - INFO - Navigated to the Home Page.
2025-02-03 13:56:29,719 - pages.Homepage - INFO - Navigated to Sign-In Page.
2025-02-03 13:56:30,023 - pages.Homepage - INFO - Entered valid username in the Sign-In field.
2025-02-03 13:56:33,191 - pages.Homepage - INFO - Entered valid password in the Sign-In field.
2025-02-03 13:56:34,907 - pages.Homepage - INFO - Clicked the Sign-In button.
2025-02-03 13:56:36,758 - pages.Homepage - INFO - Navigated to the Home Page.
2025-02-03 13:56:55,638 - pages.Homepage - INFO - Navigated to the Home Page.
2025-02-03 13:56:56,014 - pages.Homepage - INFO - Hovered over the navbar.
2025-02-03 13:56:57,282 - pages.Homepage - INFO - Selected option from the navbar dropdown.
2025-02-03 13:57:06,391 - pages.Homepage - INFO - Navigated to the Home Page.
2025-02-03 13:57:06,798 - pages.Homepage - INFO - Searched for 'Shirts' in the search bar.
2025-02-03 13:57:08,463 - pages.Homepage - INFO - Clicked the search button and searched the product.
2025-02-03 13:57:17,511 - pages.Homepage - INFO - Navigated to the Home Page.
2025-02-03 13:57:17,814 - pages.Homepage - INFO - Hovered over the navbar.
2025-02-03 13:57:19,060 - pages.Homepage - INFO - Selected option from the navbar dropdown.
2025-02-03 13:57:42,567 - pages.Homepage - INFO - Navigated to the Home Page.
2025-02-03 13:57:58,173 - pages.Homepage - INFO - Navigated to the Home Page.
2025-02-03 13:58:18,489 - pages.Homepage - INFO - Navigated to Sign-In Page.
2025-02-03 13:58:18,684 - pages.Homepage - INFO - Entered username in the Sign-In field.
2025-02-03 13:58:18,844 - pages.Homepage - INFO - Entered password in the Sign-In field.
2025-02-03 13:58:20,162 - pages.Homepage - INFO - Clicked the Sign-In button.
2025-02-03 13:58:28,989 - pages.Homepage - INFO - Navigated to Sign-In Page.
2025-02-03 13:58:29,353 - pages.Homepage - INFO - Entered valid username in the Sign-In field.
2025-02-03 13:58:32,612 - pages.Homepage - INFO - Entered valid password in the Sign-In field.
2025-02-03 13:58:34,343 - pages.Homepage - INFO - Clicked the Sign-In button.
2025-02-03 13:58:34,442 - pages.Homepage - INFO - Sign-In failed with message: MY ACCOUNT
2025-02-03 13:58:45,494 - pages.Homepage - INFO - Navigated to the Home Page.
2025-02-03 13:58:46,918 - pages.Homepage - INFO - Navigated to Sign-In Page.
2025-02-03 13:58:47,327 - pages.Homepage - INFO - Entered valid username in the Sign-In field.
2025-02-03 13:58:50,689 - pages.Homepage - INFO - Entered valid password in the Sign-In field.
2025-02-03 13:58:52,368 - pages.Homepage - INFO - Clicked the Sign-In button.
2025-02-03 13:58:54,409 - pages.Homepage - INFO - Navigated to the Home Page.
2025-02-03 16:32:53,474 - pages.Homepage - INFO - Navigated to the Home Page.
2025-02-03 16:33:17,613 - pages.Homepage - INFO - Navigated to the Home Page.
2025-02-03 16:33:19,140 - pages.Homepage - INFO - Navigated to Sign-In Page.
2025-02-03 16:33:19,578 - pages.Homepage - INFO - Entered valid username in the Sign-In field.
2025-02-03 16:33:22,992 - pages.Homepage - INFO - Entered valid password in the Sign-In field.
2025-02-03 16:33:24,522 - pages.Homepage - INFO - Clicked the Sign-In button.
2025-02-03 16:34:10,066 - pages.Homepage - INFO - Navigated to the Home Page.
2025-02-03 16:34:11,570 - pages.Homepage - INFO - Navigated to Sign-In Page.
2025-02-03 16:34:12,087 - pages.Homepage - INFO - Entered valid username in the Sign-In field.
2025-02-03 16:34:15,471 - pages.Homepage - INFO - Entered valid password in the Sign-In field.
2025-02-03 16:34:17,091 - pages.Homepage - INFO - Clicked the Sign-In button.
2025-02-03 16:34:19,273 - pages.Homepage - INFO - Navigated to the Home Page.
2025-02-03 16:34:37,890 - pages.Homepage - INFO - Navigated to the Home Page.
2025-02-03 16:34:38,234 - pages.Homepage - INFO - Hovered over the navbar.
2025-02-03 16:34:39,530 - pages.Homepage - INFO - Selected option from the navbar dropdown.
2025-02-03 16:34:48,780 - pages.Homepage - INFO - Navigated to the Home Page.
2025-02-03 16:34:49,125 - pages.Homepage - INFO - Searched for 'Shirts' in the search bar.
2025-02-03 16:34:50,878 - pages.Homepage - INFO - Clicked the search button and searched the product.
2025-02-03 16:34:59,935 - pages.Homepage - INFO - Navigated to the Home Page.
2025-02-03 16:35:00,307 - pages.Homepage - INFO - Hovered over the navbar.
2025-02-03 16:35:01,555 - pages.Homepage - INFO - Selected option from the navbar dropdown.
2025-02-03 16:35:25,240 - pages.Homepage - INFO - Navigated to the Home Page.
2025-02-03 16:35:41,512 - pages.Homepage - INFO - Navigated to the Home Page.
2025-02-03 16:35:59,533 - pages.Homepage - INFO - Navigated to Sign-In Page.
2025-02-03 16:35:59,784 - pages.Homepage - INFO - Entered username in the Sign-In field.
2025-02-03 16:35:59,983 - pages.Homepage - INFO - Entered password in the Sign-In field.
2025-02-03 16:36:01,178 - pages.Homepage - INFO - Clicked the Sign-In button.
2025-02-03 16:36:09,438 - pages.Homepage - INFO - Navigated to Sign-In Page.
2025-02-03 16:36:09,873 - pages.Homepage - INFO - Entered valid username in the Sign-In field.
2025-02-03 16:36:13,182 - pages.Homepage - INFO - Entered valid password in the Sign-In field.
2025-02-03 16:36:14,734 - pages.Homepage - INFO - Clicked the Sign-In button.
2025-02-03 16:36:14,840 - pages.Homepage - INFO - Sign-In failed with message: MY ACCOUNT
2025-02-03 16:36:23,692 - pages.Homepage - INFO - Navigated to the Home Page.
2025-02-03 16:36:26,155 - pages.Homepage - INFO - Navigated to Sign-In Page.
2025-02-03 16:36:26,602 - pages.Homepage - INFO - Entered valid username in the Sign-In field.
2025-02-03 16:36:30,075 - pages.Homepage - INFO - Entered valid password in the Sign-In field.
2025-02-03 16:36:31,787 - pages.Homepage - INFO - Clicked the Sign-In button.
2025-02-03 16:36:33,795 - pages.Homepage - INFO - Navigated to the Home Page.
