2025-01-29 16:49:15,058 - pages.Product_Catalog - INFO - Successfully selected the product catalog from the navbar.
2025-01-29 16:49:19,465 - pages.Product_Catalog - INFO - Sorted products in ascending order.
2025-01-29 16:49:24,467 - pages.Product_Catalog - INFO - Sorted products in descending order.
2025-01-29 16:49:29,002 - pages.Product_Catalog - INFO - Sorted products by price in ascending order.
2025-01-29 16:49:33,350 - pages.Product_Catalog - INFO - Sorted products by price in descending order.
2025-01-29 16:49:37,760 - pages.Product_Catalog - INFO - Sorted products by rating in high to low order.
2025-01-29 16:49:42,105 - pages.Product_Catalog - INFO - Sorted products by rating in low to high order.
2025-01-29 16:49:47,011 - pages.Product_Catalog - INFO - Sorted products by date from new to old.
2025-01-29 16:49:51,393 - pages.Product_Catalog - INFO - Sorted products by date from old to new.
2025-01-30 15:41:17,949 - pages.Product_Catalog - INFO - Successfully selected the product catalog from the navbar.
2025-01-30 15:41:22,725 - pages.Product_Catalog - INFO - Sorted products in ascending order.
2025-01-30 15:41:27,530 - pages.Product_Catalog - INFO - Sorted products in descending order.
2025-01-30 15:41:32,937 - pages.Product_Catalog - INFO - Sorted products by price in ascending order.
2025-01-30 15:41:37,552 - pages.Product_Catalog - INFO - Sorted products by price in descending order.
2025-01-30 15:41:42,129 - pages.Product_Catalog - INFO - Sorted products by rating in high to low order.
2025-01-30 15:41:46,836 - pages.Product_Catalog - INFO - Sorted products by rating in low to high order.
2025-01-30 15:41:51,597 - pages.Product_Catalog - INFO - Sorted products by date from new to old.
2025-01-30 15:41:56,442 - pages.Product_Catalog - INFO - Sorted products by date from old to new.
2025-01-30 15:44:39,374 - pages.Product_Catalog - INFO - Successfully selected the product catalog from the navbar.
2025-01-30 15:44:44,185 - pages.Product_Catalog - INFO - Sorted products in ascending order.
2025-01-30 15:44:48,908 - pages.Product_Catalog - INFO - Sorted products in descending order.
2025-01-30 15:44:53,608 - pages.Product_Catalog - INFO - Sorted products by price in ascending order.
2025-01-30 15:44:58,170 - pages.Product_Catalog - INFO - Sorted products by price in descending order.
2025-01-30 15:45:02,936 - pages.Product_Catalog - INFO - Sorted products by rating in high to low order.
2025-01-30 15:45:08,234 - pages.Product_Catalog - INFO - Sorted products by rating in low to high order.
2025-01-30 15:45:13,174 - pages.Product_Catalog - INFO - Sorted products by date from new to old.
2025-01-30 15:45:17,906 - pages.Product_Catalog - INFO - Sorted products by date from old to new.
2025-01-30 16:53:35,059 - pages.Product_Catalog - INFO - Successfully selected the product catalog from the navbar.
2025-01-30 16:53:39,712 - pages.Product_Catalog - INFO - Sorted products in ascending order.
2025-01-30 16:53:44,613 - pages.Product_Catalog - INFO - Sorted products in descending order.
2025-01-30 16:53:49,419 - pages.Product_Catalog - INFO - Sorted products by price in ascending order.
2025-01-30 16:53:53,955 - pages.Product_Catalog - INFO - Sorted products by price in descending order.
2025-01-30 16:53:58,657 - pages.Product_Catalog - INFO - Sorted products by rating in high to low order.
2025-01-30 16:54:03,333 - pages.Product_Catalog - INFO - Sorted products by rating in low to high order.
2025-01-30 16:54:07,952 - pages.Product_Catalog - INFO - Sorted products by date from new to old.
2025-01-30 16:54:12,513 - pages.Product_Catalog - INFO - Sorted products by date from old to new.
2025-01-30 20:11:54,308 - pages.Product_Catalog - INFO - Successfully selected the product catalog from the navbar.
2025-01-30 20:11:59,208 - pages.Product_Catalog - INFO - Sorted products in ascending order.
2025-01-30 20:12:07,159 - pages.Product_Catalog - INFO - Sorted products in descending order.
2025-01-30 20:12:17,580 - pages.Product_Catalog - INFO - Sorted products by price in ascending order.
2025-01-30 20:12:32,705 - pages.Product_Catalog - INFO - Sorted products by price in descending order.
2025-01-30 20:12:45,487 - pages.Product_Catalog - INFO - Sorted products by rating in high to low order.
2025-01-30 20:12:53,025 - pages.Product_Catalog - INFO - Sorted products by rating in low to high order.
2025-01-30 20:12:58,099 - pages.Product_Catalog - INFO - Sorted products by date from new to old.
2025-01-30 20:13:03,024 - pages.Product_Catalog - INFO - Sorted products by date from old to new.
2025-01-30 20:14:57,599 - pages.Product_Catalog - INFO - Successfully selected the product catalog from the navbar.
2025-01-30 20:15:01,968 - pages.Product_Catalog - INFO - Sorted products in ascending order.
2025-01-30 20:15:07,617 - pages.Product_Catalog - INFO - Sorted products in descending order.
2025-01-30 20:15:12,809 - pages.Product_Catalog - INFO - Sorted products by price in ascending order.
2025-01-30 20:15:17,491 - pages.Product_Catalog - INFO - Sorted products by price in descending order.
2025-01-30 20:15:21,768 - pages.Product_Catalog - INFO - Sorted products by rating in high to low order.
2025-01-30 20:15:26,151 - pages.Product_Catalog - INFO - Sorted products by rating in low to high order.
2025-01-30 20:15:30,441 - pages.Product_Catalog - INFO - Sorted products by date from new to old.
2025-01-30 20:15:34,697 - pages.Product_Catalog - INFO - Sorted products by date from old to new.
2025-01-30 21:28:07,868 - pages.Product_Catalog - INFO - Successfully selected the product catalog from the navbar.
2025-01-30 21:28:12,292 - pages.Product_Catalog - INFO - Sorted products in ascending order.
2025-01-30 21:28:17,033 - pages.Product_Catalog - INFO - Sorted products in descending order.
2025-01-30 21:28:21,891 - pages.Product_Catalog - INFO - Sorted products by price in ascending order.
2025-01-30 21:28:26,171 - pages.Product_Catalog - INFO - Sorted products by price in descending order.
2025-01-30 21:28:30,567 - pages.Product_Catalog - INFO - Sorted products by rating in high to low order.
2025-01-30 21:28:34,867 - pages.Product_Catalog - INFO - Sorted products by rating in low to high order.
2025-01-30 21:28:39,401 - pages.Product_Catalog - INFO - Sorted products by date from new to old.
2025-01-30 21:28:44,494 - pages.Product_Catalog - INFO - Sorted products by date from old to new.
2025-01-30 21:35:08,694 - pages.Product_Catalog - INFO - Successfully selected the product catalog from the navbar.
2025-01-30 21:35:13,777 - pages.Product_Catalog - INFO - Sorted products in ascending order.
2025-01-30 21:35:18,758 - pages.Product_Catalog - INFO - Sorted products in descending order.
2025-01-30 21:35:23,406 - pages.Product_Catalog - INFO - Sorted products by price in ascending order.
2025-01-30 21:35:28,065 - pages.Product_Catalog - INFO - Sorted products by price in descending order.
2025-01-30 21:35:33,156 - pages.Product_Catalog - INFO - Sorted products by rating in high to low order.
2025-01-30 21:35:38,014 - pages.Product_Catalog - INFO - Sorted products by rating in low to high order.
2025-01-30 21:35:42,626 - pages.Product_Catalog - INFO - Sorted products by date from new to old.
2025-01-30 21:35:47,338 - pages.Product_Catalog - INFO - Sorted products by date from old to new.
2025-01-31 16:20:26,996 - pages.Product_Catalog - INFO - Successfully selected the product catalog from the navbar.
2025-01-31 16:20:28,397 - pages.Product_Catalog - INFO - Sorted products in ascending order.
2025-01-31 16:20:29,685 - pages.Product_Catalog - INFO - Sorted products in descending order.
2025-01-31 16:20:30,998 - pages.Product_Catalog - INFO - Sorted products by price in ascending order.
2025-01-31 16:20:32,246 - pages.Product_Catalog - INFO - Sorted products by price in descending order.
2025-01-31 16:20:33,449 - pages.Product_Catalog - INFO - Sorted products by rating in high to low order.
2025-01-31 16:20:34,697 - pages.Product_Catalog - INFO - Sorted products by rating in low to high order.
2025-01-31 16:20:35,953 - pages.Product_Catalog - INFO - Sorted products by date from new to old.
2025-01-31 16:20:37,236 - pages.Product_Catalog - INFO - Sorted products by date from old to new.
2025-01-31 17:49:09,309 - pages.Product_Catalog - INFO - Successfully selected the product catalog from the navbar.
2025-01-31 17:49:10,968 - pages.Product_Catalog - INFO - Sorted products in ascending order.
2025-01-31 17:49:12,848 - pages.Product_Catalog - INFO - Sorted products in descending order.
2025-01-31 17:49:14,844 - pages.Product_Catalog - INFO - Sorted products by price in ascending order.
2025-01-31 17:49:16,436 - pages.Product_Catalog - INFO - Sorted products by price in descending order.
2025-01-31 17:49:18,099 - pages.Product_Catalog - INFO - Sorted products by rating in high to low order.
2025-01-31 17:49:20,231 - pages.Product_Catalog - INFO - Sorted products by rating in low to high order.
2025-01-31 17:49:21,771 - pages.Product_Catalog - INFO - Sorted products by date from new to old.
2025-01-31 17:49:23,653 - pages.Product_Catalog - INFO - Sorted products by date from old to new.
2025-02-01 15:57:52,473 - pages.Product_Catalog - INFO - Successfully selected the product catalog from the navbar.
2025-02-01 15:57:54,321 - pages.Product_Catalog - INFO - Sorted products in ascending order.
2025-02-01 15:57:54,337 - pages.Product_Catalog - ERROR - Failed to sort products in ascending order: Message: stale element reference: stale element not found
  (Session info: chrome=132.0.6834.160); For documentation on this error, please visit: https://www.selenium.dev/documentation/webdriver/troubleshooting/errors#stale-element-reference-exception
Stacktrace:
	GetHandleVerifier [0x00007FF6B8676CC5+28821]
	(No symbol) [0x00007FF6B85E3850]
	(No symbol) [0x00007FF6B848578A]
	(No symbol) [0x00007FF6B8499D94]
	(No symbol) [0x00007FF6B8498844]
	(No symbol) [0x00007FF6B848CF91]
	(No symbol) [0x00007FF6B848ADB5]
	(No symbol) [0x00007FF6B848EFCC]
	(No symbol) [0x00007FF6B848F09F]
	(No symbol) [0x00007FF6B84D311B]
	(No symbol) [0x00007FF6B84FF2FA]
	(No symbol) [0x00007FF6B84CC3F6]
	(No symbol) [0x00007FF6B84FF510]
	(No symbol) [0x00007FF6B851F412]
	(No symbol) [0x00007FF6B84FF0A3]
	(No symbol) [0x00007FF6B84CA778]
	(No symbol) [0x00007FF6B84CB8E1]
	GetHandleVerifier [0x00007FF6B89AFCCD+3408029]
	GetHandleVerifier [0x00007FF6B89C743F+3504143]
	GetHandleVerifier [0x00007FF6B89BB61D+3455469]
	GetHandleVerifier [0x00007FF6B873BDCB+835995]
	(No symbol) [0x00007FF6B85EEB6F]
	(No symbol) [0x00007FF6B85EA824]
	(No symbol) [0x00007FF6B85EA9BD]
	(No symbol) [0x00007FF6B85DA1A9]
	BaseThreadInitThunk [0x00007FF856C5E8D7+23]
	RtlUserThreadStart [0x00007FF85895FBCC+44]

2025-02-01 16:03:02,589 - pages.Product_Catalog - INFO - Successfully selected the product catalog from the navbar.
2025-02-01 16:03:04,261 - pages.Product_Catalog - INFO - Sorted products in ascending order.
2025-02-01 16:03:04,279 - pages.Product_Catalog - ERROR - Failed to sort products in ascending order: Message: stale element reference: stale element not found
  (Session info: chrome=132.0.6834.160); For documentation on this error, please visit: https://www.selenium.dev/documentation/webdriver/troubleshooting/errors#stale-element-reference-exception
Stacktrace:
	GetHandleVerifier [0x00007FF6B8676CC5+28821]
	(No symbol) [0x00007FF6B85E3850]
	(No symbol) [0x00007FF6B848578A]
	(No symbol) [0x00007FF6B8499D94]
	(No symbol) [0x00007FF6B8498844]
	(No symbol) [0x00007FF6B848CF91]
	(No symbol) [0x00007FF6B848ADB5]
	(No symbol) [0x00007FF6B848EFCC]
	(No symbol) [0x00007FF6B848F09F]
	(No symbol) [0x00007FF6B84D311B]
	(No symbol) [0x00007FF6B84FF2FA]
	(No symbol) [0x00007FF6B84CC3F6]
	(No symbol) [0x00007FF6B84FF510]
	(No symbol) [0x00007FF6B851F412]
	(No symbol) [0x00007FF6B84FF0A3]
	(No symbol) [0x00007FF6B84CA778]
	(No symbol) [0x00007FF6B84CB8E1]
	GetHandleVerifier [0x00007FF6B89AFCCD+3408029]
	GetHandleVerifier [0x00007FF6B89C743F+3504143]
	GetHandleVerifier [0x00007FF6B89BB61D+3455469]
	GetHandleVerifier [0x00007FF6B873BDCB+835995]
	(No symbol) [0x00007FF6B85EEB6F]
	(No symbol) [0x00007FF6B85EA824]
	(No symbol) [0x00007FF6B85EA9BD]
	(No symbol) [0x00007FF6B85DA1A9]
	BaseThreadInitThunk [0x00007FF856C5E8D7+23]
	RtlUserThreadStart [0x00007FF85895FBCC+44]

2025-02-01 16:11:50,443 - pages.Product_Catalog - INFO - Successfully selected the product catalog from the navbar.
2025-02-01 16:11:51,947 - pages.Product_Catalog - INFO - Sorted products in ascending order.
2025-02-01 16:11:53,626 - pages.Product_Catalog - INFO - Sorted products in descending order.
2025-02-01 16:11:55,689 - pages.Product_Catalog - INFO - Sorted products by price in ascending order.
2025-02-01 16:11:57,288 - pages.Product_Catalog - INFO - Sorted products by price in descending order.
2025-02-01 16:11:58,831 - pages.Product_Catalog - INFO - Sorted products by rating in high to low order.
2025-02-01 16:12:00,468 - pages.Product_Catalog - INFO - Sorted products by rating in low to high order.
2025-02-01 16:12:02,025 - pages.Product_Catalog - INFO - Sorted products by date from new to old.
2025-02-01 16:12:03,559 - pages.Product_Catalog - INFO - Sorted products by date from old to new.
2025-02-02 15:46:15,026 - pages.Product_Catalog - INFO - Successfully selected the product catalog from the navbar.
2025-02-02 15:46:16,731 - pages.Product_Catalog - INFO - Sorted products in ascending order.
2025-02-02 15:46:18,439 - pages.Product_Catalog - INFO - Sorted products in descending order.
2025-02-02 15:46:20,092 - pages.Product_Catalog - INFO - Sorted products by price in ascending order.
2025-02-02 15:46:21,727 - pages.Product_Catalog - INFO - Sorted products by price in descending order.
2025-02-02 15:46:23,362 - pages.Product_Catalog - INFO - Sorted products by rating in high to low order.
2025-02-02 15:46:24,988 - pages.Product_Catalog - INFO - Sorted products by rating in low to high order.
2025-02-02 15:46:26,722 - pages.Product_Catalog - INFO - Sorted products by date from new to old.
2025-02-02 15:46:28,459 - pages.Product_Catalog - INFO - Sorted products by date from old to new.
2025-02-02 15:55:41,217 - pages.Product_Catalog - INFO - Successfully selected the product catalog from the navbar.
2025-02-02 15:55:42,878 - pages.Product_Catalog - INFO - Sorted products in ascending order.
2025-02-02 15:55:44,495 - pages.Product_Catalog - INFO - Sorted products in descending order.
2025-02-02 15:55:46,048 - pages.Product_Catalog - INFO - Sorted products by price in ascending order.
2025-02-02 15:59:34,387 - pages.Product_Catalog - INFO - Successfully selected the product catalog from the navbar.
2025-02-02 15:59:36,038 - pages.Product_Catalog - INFO - Sorted products in ascending order.
2025-02-02 15:59:37,679 - pages.Product_Catalog - INFO - Sorted products in descending order.
2025-02-02 15:59:39,316 - pages.Product_Catalog - INFO - Sorted products by price in ascending order.
2025-02-02 15:59:40,854 - pages.Product_Catalog - INFO - Sorted products by price in descending order.
2025-02-02 15:59:42,484 - pages.Product_Catalog - INFO - Sorted products by rating in high to low order.
2025-02-02 15:59:44,031 - pages.Product_Catalog - INFO - Sorted products by rating in low to high order.
2025-02-02 15:59:45,675 - pages.Product_Catalog - INFO - Sorted products by date from new to old.
2025-02-02 15:59:47,200 - pages.Product_Catalog - INFO - Sorted products by date from old to new.
2025-02-02 16:23:15,794 - pages.Product_Catalog - INFO - Successfully selected the product catalog from the navbar.
2025-02-02 16:23:17,357 - pages.Product_Catalog - INFO - Sorted products in ascending order.
2025-02-02 16:23:19,192 - pages.Product_Catalog - INFO - Sorted products in descending order.
2025-02-02 16:23:20,689 - pages.Product_Catalog - INFO - Sorted products by price in ascending order.
2025-02-02 16:23:22,232 - pages.Product_Catalog - INFO - Sorted products by price in descending order.
2025-02-02 16:23:23,769 - pages.Product_Catalog - INFO - Sorted products by rating in high to low order.
2025-02-02 16:23:25,338 - pages.Product_Catalog - INFO - Sorted products by rating in low to high order.
2025-02-02 16:23:26,873 - pages.Product_Catalog - INFO - Sorted products by date from new to old.
2025-02-02 16:23:28,333 - pages.Product_Catalog - INFO - Sorted products by date from old to new.
2025-02-02 18:12:23,858 - pages.Product_Catalog - ERROR - Failed to select product catalog from navbar: Message: no such window: target window already closed
from unknown error: web view not found
  (Session info: chrome=132.0.6834.160)
Stacktrace:
	GetHandleVerifier [0x00007FF63AA76CC5+28821]
	(No symbol) [0x00007FF63A9E3850]
	(No symbol) [0x00007FF63A88578A]
	(No symbol) [0x00007FF63A85F4F5]
	(No symbol) [0x00007FF63A906247]
	(No symbol) [0x00007FF63A91ECE2]
	(No symbol) [0x00007FF63A8FF0A3]
	(No symbol) [0x00007FF63A8CA778]
	(No symbol) [0x00007FF63A8CB8E1]
	GetHandleVerifier [0x00007FF63ADAFCCD+3408029]
	GetHandleVerifier [0x00007FF63ADC743F+3504143]
	GetHandleVerifier [0x00007FF63ADBB61D+3455469]
	GetHandleVerifier [0x00007FF63AB3BDCB+835995]
	(No symbol) [0x00007FF63A9EEB6F]
	(No symbol) [0x00007FF63A9EA824]
	(No symbol) [0x00007FF63A9EA9BD]
	(No symbol) [0x00007FF63A9DA1A9]
	BaseThreadInitThunk [0x00007FF856C5E8D7+23]
	RtlUserThreadStart [0x00007FF85895FBCC+44]

2025-02-02 18:15:24,235 - pages.Product_Catalog - INFO - Successfully selected the product catalog from the navbar.
2025-02-02 18:15:25,904 - pages.Product_Catalog - INFO - Sorted products in ascending order.
2025-02-02 18:15:27,612 - pages.Product_Catalog - INFO - Sorted products in descending order.
2025-02-02 18:15:29,279 - pages.Product_Catalog - INFO - Sorted products by price in ascending order.
2025-02-02 18:15:30,806 - pages.Product_Catalog - INFO - Sorted products by price in descending order.
2025-02-02 18:15:32,466 - pages.Product_Catalog - INFO - Sorted products by rating in high to low order.
2025-02-02 18:15:34,086 - pages.Product_Catalog - INFO - Sorted products by rating in low to high order.
2025-02-02 18:15:35,637 - pages.Product_Catalog - INFO - Sorted products by date from new to old.
2025-02-02 18:15:37,175 - pages.Product_Catalog - INFO - Sorted products by date from old to new.
2025-02-02 18:38:45,034 - pages.Product_Catalog - INFO - Successfully selected the product catalog from the navbar.
2025-02-02 18:38:46,698 - pages.Product_Catalog - INFO - Sorted products in ascending order.
2025-02-02 18:38:48,359 - pages.Product_Catalog - INFO - Sorted products in descending order.
2025-02-02 18:38:49,836 - pages.Product_Catalog - INFO - Sorted products by price in ascending order.
2025-02-02 18:38:51,589 - pages.Product_Catalog - INFO - Sorted products by price in descending order.
2025-02-02 18:38:53,014 - pages.Product_Catalog - INFO - Sorted products by rating in high to low order.
2025-02-02 18:38:54,529 - pages.Product_Catalog - INFO - Sorted products by rating in low to high order.
2025-02-02 18:38:55,984 - pages.Product_Catalog - INFO - Sorted products by date from new to old.
2025-02-02 18:38:57,574 - pages.Product_Catalog - INFO - Sorted products by date from old to new.
2025-02-02 19:11:52,772 - pages.Product_Catalog - INFO - Successfully selected the product catalog from the navbar.
2025-02-02 19:11:54,034 - pages.Product_Catalog - INFO - Sorted products in ascending order.
2025-02-02 19:11:55,314 - pages.Product_Catalog - INFO - Sorted products in descending order.
2025-02-02 19:11:56,604 - pages.Product_Catalog - INFO - Sorted products by price in ascending order.
2025-02-02 19:11:57,850 - pages.Product_Catalog - INFO - Sorted products by price in descending order.
2025-02-02 19:11:59,172 - pages.Product_Catalog - INFO - Sorted products by rating in high to low order.
2025-02-02 19:12:00,508 - pages.Product_Catalog - INFO - Sorted products by rating in low to high order.
2025-02-02 19:12:01,897 - pages.Product_Catalog - INFO - Sorted products by date from new to old.
2025-02-02 19:12:03,269 - pages.Product_Catalog - INFO - Sorted products by date from old to new.
2025-02-02 23:59:53,673 - pages.Product_Catalog - INFO - Successfully selected the product catalog from the navbar.
2025-02-02 23:59:54,844 - pages.Product_Catalog - INFO - Sorted products in ascending order.
2025-02-02 23:59:56,071 - pages.Product_Catalog - INFO - Sorted products in descending order.
2025-02-02 23:59:57,417 - pages.Product_Catalog - INFO - Sorted products by price in ascending order.
2025-02-02 23:59:58,584 - pages.Product_Catalog - INFO - Sorted products by price in descending order.
2025-02-02 23:59:59,724 - pages.Product_Catalog - INFO - Sorted products by rating in high to low order.
2025-02-03 00:00:00,893 - pages.Product_Catalog - INFO - Sorted products by rating in low to high order.
2025-02-03 00:00:02,196 - pages.Product_Catalog - INFO - Sorted products by date from new to old.
2025-02-03 00:00:04,659 - pages.Product_Catalog - INFO - Sorted products by date from old to new.
2025-02-03 00:04:50,619 - pages.Product_Catalog - INFO - Successfully selected the product catalog from the navbar.
2025-02-03 00:04:51,829 - pages.Product_Catalog - INFO - Sorted products in ascending order.
2025-02-03 00:04:52,984 - pages.Product_Catalog - INFO - Sorted products in descending order.
2025-02-03 00:04:54,109 - pages.Product_Catalog - INFO - Sorted products by price in ascending order.
2025-02-03 00:04:55,272 - pages.Product_Catalog - INFO - Sorted products by price in descending order.
2025-02-03 00:04:56,438 - pages.Product_Catalog - INFO - Sorted products by rating in high to low order.
2025-02-03 00:04:57,631 - pages.Product_Catalog - INFO - Sorted products by rating in low to high order.
2025-02-03 00:04:58,804 - pages.Product_Catalog - INFO - Sorted products by date from new to old.
2025-02-03 00:05:00,048 - pages.Product_Catalog - INFO - Sorted products by date from old to new.
2025-02-03 00:16:14,785 - pages.Product_Catalog - INFO - Successfully selected the product catalog from the navbar.
2025-02-03 00:16:15,892 - pages.Product_Catalog - INFO - Sorted products in ascending order.
2025-02-03 00:16:17,090 - pages.Product_Catalog - INFO - Sorted products in descending order.
2025-02-03 00:16:18,210 - pages.Product_Catalog - INFO - Sorted products by price in ascending order.
2025-02-03 00:16:19,330 - pages.Product_Catalog - INFO - Sorted products by price in descending order.
2025-02-03 00:16:20,520 - pages.Product_Catalog - INFO - Sorted products by rating in high to low order.
2025-02-03 00:16:21,677 - pages.Product_Catalog - INFO - Sorted products by rating in low to high order.
2025-02-03 00:16:22,826 - pages.Product_Catalog - INFO - Sorted products by date from new to old.
2025-02-03 00:16:23,954 - pages.Product_Catalog - INFO - Sorted products by date from old to new.
2025-02-03 13:54:06,341 - pages.Product_Catalog - ERROR - Failed to select product catalog from navbar: Message: no such window: target window already closed
from unknown error: web view not found
  (Session info: chrome=132.0.6834.160)
Stacktrace:
	GetHandleVerifier [0x00007FF6A1C16CC5+28821]
	(No symbol) [0x00007FF6A1B83850]
	(No symbol) [0x00007FF6A1A2578A]
	(No symbol) [0x00007FF6A19FF4F5]
	(No symbol) [0x00007FF6A1AA6247]
	(No symbol) [0x00007FF6A1ABECE2]
	(No symbol) [0x00007FF6A1A9F0A3]
	(No symbol) [0x00007FF6A1A6A778]
	(No symbol) [0x00007FF6A1A6B8E1]
	GetHandleVerifier [0x00007FF6A1F4FCCD+3408029]
	GetHandleVerifier [0x00007FF6A1F6743F+3504143]
	GetHandleVerifier [0x00007FF6A1F5B61D+3455469]
	GetHandleVerifier [0x00007FF6A1CDBDCB+835995]
	(No symbol) [0x00007FF6A1B8EB6F]
	(No symbol) [0x00007FF6A1B8A824]
	(No symbol) [0x00007FF6A1B8A9BD]
	(No symbol) [0x00007FF6A1B7A1A9]
	BaseThreadInitThunk [0x00007FF856C5E8D7+23]
	RtlUserThreadStart [0x00007FF85895FBCC+44]

2025-02-03 13:56:05,614 - pages.Product_Catalog - INFO - Successfully selected the product catalog from the navbar.
2025-02-03 13:56:07,084 - pages.Product_Catalog - INFO - Sorted products in ascending order.
2025-02-03 13:56:08,727 - pages.Product_Catalog - INFO - Sorted products in descending order.
2025-02-03 13:56:10,323 - pages.Product_Catalog - INFO - Sorted products by price in ascending order.
2025-02-03 13:56:11,994 - pages.Product_Catalog - INFO - Sorted products by price in descending order.
2025-02-03 13:56:13,807 - pages.Product_Catalog - INFO - Sorted products by rating in high to low order.
2025-02-03 13:56:15,578 - pages.Product_Catalog - INFO - Sorted products by rating in low to high order.
2025-02-03 13:56:17,259 - pages.Product_Catalog - INFO - Sorted products by date from new to old.
2025-02-03 13:56:18,877 - pages.Product_Catalog - INFO - Sorted products by date from old to new.
2025-02-03 16:33:47,715 - pages.Product_Catalog - INFO - Successfully selected the product catalog from the navbar.
2025-02-03 16:33:49,406 - pages.Product_Catalog - INFO - Sorted products in ascending order.
2025-02-03 16:33:50,921 - pages.Product_Catalog - INFO - Sorted products in descending order.
2025-02-03 16:33:52,542 - pages.Product_Catalog - INFO - Sorted products by price in ascending order.
2025-02-03 16:33:54,130 - pages.Product_Catalog - INFO - Sorted products by price in descending order.
2025-02-03 16:33:56,061 - pages.Product_Catalog - INFO - Sorted products by rating in high to low order.
2025-02-03 16:33:57,710 - pages.Product_Catalog - INFO - Sorted products by rating in low to high order.
2025-02-03 16:33:59,333 - pages.Product_Catalog - INFO - Sorted products by date from new to old.
2025-02-03 16:34:01,053 - pages.Product_Catalog - INFO - Sorted products by date from old to new.
