2025-01-29 16:48:53,089 - pages.Product_Cart - INFO - Navigated to the skincare section in the navbar.
2025-01-29 16:48:54,475 - pages.Product_Cart - INFO - Selected the product.
2025-01-29 16:49:02,004 - pages.Product_Cart - INFO - Navigated to the skincare section in the navbar.
2025-01-29 16:49:04,099 - pages.Product_Cart - INFO - Selected the product.
2025-01-29 16:49:06,109 - pages.Product_Cart - INFO - Clicked 'Add to Cart' button.
2025-01-29 16:49:08,005 - pages.Product_Cart - INFO - Clicked on checkout cart.
2025-01-29 16:49:08,137 - pages.Product_Cart - INFO - Confirmed the checkout.
2025-01-29 16:49:08,187 - pages.Product_Cart - INFO - Order confirmed with message: CHECKOUT CONFIRMATION
2025-01-29 16:49:11,417 - pages.Product_Cart - INFO - Navigated to the skincare section in the navbar.
2025-01-29 16:49:12,866 - pages.Product_Cart - INFO - Selected the product.
2025-01-29 16:49:12,980 - pages.Product_Cart - INFO - Verified product quantity: 438, and entered quantity: 439.
2025-01-29 16:49:14,701 - pages.Product_Cart - INFO - Clicked 'Add to Cart' button.
2025-01-29 16:49:16,510 - pages.Product_Cart - INFO - Checkout initiated. Confirmation message: Products marked with *** are not available in the desired quantity or out of stock!
2025-01-30 15:01:22,654 - pages.Product_Cart - INFO - Navigated to the skincare section in the navbar.
2025-01-30 15:01:24,897 - pages.Product_Cart - INFO - Selected the product.
2025-01-30 15:41:17,531 - pages.Product_Cart - INFO - Navigated to the skincare section in the navbar.
2025-01-30 15:41:17,579 - pages.Product_Cart - INFO - Navigated to the skincare section in the navbar.
2025-01-30 15:41:19,097 - pages.Product_Cart - INFO - Selected the product.
2025-01-30 15:41:19,133 - pages.Product_Cart - INFO - Selected the product.
2025-01-30 15:41:19,333 - pages.Product_Cart - INFO - Verified product quantity: 436, and entered quantity: 437.
2025-01-30 15:41:20,970 - pages.Product_Cart - INFO - Clicked 'Add to Cart' button.
2025-01-30 15:41:22,921 - pages.Product_Cart - INFO - Checkout initiated. Confirmation message: Products marked with *** are not available in the desired quantity or out of stock!
2025-01-30 15:42:20,310 - pages.Product_Cart - INFO - Navigated to the skincare section in the navbar.
2025-01-30 15:42:21,982 - pages.Product_Cart - INFO - Selected the product.
2025-01-30 15:42:23,960 - pages.Product_Cart - INFO - Clicked 'Add to Cart' button.
2025-01-30 15:42:26,651 - pages.Product_Cart - INFO - Clicked on checkout cart.
2025-01-30 15:42:26,864 - pages.Product_Cart - INFO - Confirmed the checkout.
2025-01-30 15:42:26,985 - pages.Product_Cart - INFO - Order confirmed with message: CHECKOUT CONFIRMATION
2025-01-30 15:44:38,802 - pages.Product_Cart - INFO - Navigated to the skincare section in the navbar.
2025-01-30 15:44:40,415 - pages.Product_Cart - INFO - Selected the product.
2025-01-30 15:45:09,603 - pages.Product_Cart - INFO - Navigated to the skincare section in the navbar.
2025-01-30 15:45:11,279 - pages.Product_Cart - INFO - Selected the product.
2025-01-30 15:45:11,591 - pages.Product_Cart - INFO - Verified product quantity: 423, and entered quantity: 424.
2025-01-30 15:45:13,686 - pages.Product_Cart - INFO - Clicked 'Add to Cart' button.
2025-01-30 15:45:15,687 - pages.Product_Cart - INFO - Checkout initiated. Confirmation message: Products marked with *** are not available in the desired quantity or out of stock!
2025-01-30 15:45:41,824 - pages.Product_Cart - INFO - Navigated to the skincare section in the navbar.
2025-01-30 15:45:43,644 - pages.Product_Cart - INFO - Selected the product.
2025-01-30 15:45:45,632 - pages.Product_Cart - INFO - Clicked 'Add to Cart' button.
2025-01-30 15:45:48,085 - pages.Product_Cart - INFO - Clicked on checkout cart.
2025-01-30 15:45:48,352 - pages.Product_Cart - INFO - Confirmed the checkout.
2025-01-30 15:45:48,412 - pages.Product_Cart - INFO - Order confirmed with message: CHECKOUT CONFIRMATION
2025-01-30 16:53:34,127 - pages.Product_Cart - INFO - Navigated to the skincare section in the navbar.
2025-01-30 16:53:35,890 - pages.Product_Cart - INFO - Selected the product.
2025-01-30 16:54:04,105 - pages.Product_Cart - INFO - Navigated to the skincare section in the navbar.
2025-01-30 16:54:05,584 - pages.Product_Cart - INFO - Selected the product.
2025-01-30 16:54:05,881 - pages.Product_Cart - INFO - Verified product quantity: 410, and entered quantity: 411.
2025-01-30 16:54:07,677 - pages.Product_Cart - INFO - Clicked 'Add to Cart' button.
2025-01-30 16:54:10,087 - pages.Product_Cart - INFO - Checkout initiated. Confirmation message: Products marked with *** are not available in the desired quantity or out of stock!
2025-01-30 16:54:35,810 - pages.Product_Cart - INFO - Navigated to the skincare section in the navbar.
2025-01-30 16:54:37,537 - pages.Product_Cart - INFO - Selected the product.
2025-01-30 16:54:39,737 - pages.Product_Cart - INFO - Clicked 'Add to Cart' button.
2025-01-30 16:54:43,103 - pages.Product_Cart - INFO - Clicked on checkout cart.
2025-01-30 16:54:43,354 - pages.Product_Cart - INFO - Confirmed the checkout.
2025-01-30 16:54:43,408 - pages.Product_Cart - INFO - Order confirmed with message: CHECKOUT CONFIRMATION
2025-01-30 18:18:47,512 - pages.Product_Cart - INFO - Navigated to the skincare section in the navbar.
2025-01-30 18:18:49,517 - pages.Product_Cart - INFO - Selected the product.
2025-01-30 18:20:20,972 - pages.Product_Cart - INFO - Navigated to the skincare section in the navbar.
2025-01-30 18:20:22,890 - pages.Product_Cart - INFO - Selected the product.
2025-01-30 18:21:44,818 - pages.Product_Cart - INFO - Navigated to the skincare section in the navbar.
2025-01-30 18:21:46,531 - pages.Product_Cart - INFO - Selected the product.
2025-01-30 18:25:42,258 - pages.Product_Cart - INFO - Navigated to the skincare section in the navbar.
2025-01-30 18:25:43,925 - pages.Product_Cart - INFO - Selected the product.
2025-01-30 19:45:19,721 - pages.Product_Cart - INFO - Navigated to the skincare section in the navbar.
2025-01-30 19:45:21,895 - pages.Product_Cart - INFO - Selected the product.
2025-01-30 19:46:03,080 - pages.Product_Cart - INFO - Navigated to the skincare section in the navbar.
2025-01-30 19:46:05,153 - pages.Product_Cart - INFO - Selected the product.
2025-01-30 19:46:07,176 - pages.Product_Cart - INFO - Clicked 'Add to Cart' button.
2025-01-30 19:46:09,999 - pages.Product_Cart - INFO - Clicked on checkout cart.
2025-01-30 19:46:10,299 - pages.Product_Cart - INFO - Confirmed the checkout.
2025-01-30 19:46:10,356 - pages.Product_Cart - INFO - Order confirmed with message: CHECKOUT CONFIRMATION
2025-01-30 20:54:58,609 - pages.Product_Cart - INFO - Navigated to the skincare section in the navbar.
2025-01-30 20:55:00,012 - pages.Product_Cart - INFO - Selected the product.
2025-01-30 20:55:00,137 - pages.Product_Cart - INFO - Verified product quantity: 382, and entered quantity: 383.
2025-01-30 20:55:01,711 - pages.Product_Cart - INFO - Clicked 'Add to Cart' button.
2025-01-30 20:55:03,416 - pages.Product_Cart - INFO - Checkout initiated. Confirmation message: Products marked with *** are not available in the desired quantity or out of stock!
2025-01-30 21:28:06,545 - pages.Product_Cart - INFO - Navigated to the skincare section in the navbar.
2025-01-30 21:28:07,941 - pages.Product_Cart - INFO - Selected the product.
2025-01-30 21:28:43,843 - pages.Product_Cart - INFO - Navigated to the skincare section in the navbar.
2025-01-30 21:28:45,256 - pages.Product_Cart - INFO - Selected the product.
2025-01-30 21:28:45,373 - pages.Product_Cart - INFO - Verified product quantity: 381, and entered quantity: 382.
2025-01-30 21:28:46,861 - pages.Product_Cart - INFO - Clicked 'Add to Cart' button.
2025-01-30 21:28:49,169 - pages.Product_Cart - INFO - Checkout initiated. Confirmation message: Products marked with *** are not available in the desired quantity or out of stock!
2025-01-30 21:29:05,643 - pages.Product_Cart - INFO - Navigated to the skincare section in the navbar.
2025-01-30 21:29:07,774 - pages.Product_Cart - INFO - Selected the product.
2025-01-30 21:29:09,579 - pages.Product_Cart - INFO - Clicked 'Add to Cart' button.
2025-01-30 21:29:12,030 - pages.Product_Cart - INFO - Clicked on checkout cart.
2025-01-30 21:29:12,234 - pages.Product_Cart - INFO - Confirmed the checkout.
2025-01-30 21:29:12,275 - pages.Product_Cart - INFO - Order confirmed with message: CHECKOUT CONFIRMATION
2025-01-30 21:34:05,286 - pages.Product_Cart - INFO - Navigated to the skincare section in the navbar.
2025-01-30 21:34:07,026 - pages.Product_Cart - INFO - Selected the product.
2025-01-30 21:36:12,064 - pages.Product_Cart - INFO - Navigated to the skincare section in the navbar.
2025-01-30 21:36:14,657 - pages.Product_Cart - INFO - Selected the product.
2025-01-30 21:36:16,902 - pages.Product_Cart - INFO - Clicked 'Add to Cart' button.
2025-01-30 21:36:19,456 - pages.Product_Cart - INFO - Clicked on checkout cart.
2025-01-30 21:36:19,665 - pages.Product_Cart - INFO - Confirmed the checkout.
2025-01-30 21:36:19,742 - pages.Product_Cart - INFO - Order confirmed with message: CHECKOUT CONFIRMATION
2025-01-30 21:37:11,468 - pages.Product_Cart - INFO - Navigated to the skincare section in the navbar.
2025-01-30 21:37:13,098 - pages.Product_Cart - INFO - Selected the product.
2025-01-30 21:37:13,381 - pages.Product_Cart - INFO - Verified product quantity: 349, and entered quantity: 350.
2025-01-30 21:37:15,093 - pages.Product_Cart - INFO - Clicked 'Add to Cart' button.
2025-01-30 21:37:17,243 - pages.Product_Cart - INFO - Checkout initiated. Confirmation message: Products marked with *** are not available in the desired quantity or out of stock!
2025-01-31 15:25:58,294 - pages.Product_Cart - INFO - Navigated to the skincare section in the navbar.
2025-01-31 15:25:59,972 - pages.Product_Cart - INFO - Selected the product.
2025-01-31 15:27:24,534 - pages.Product_Cart - INFO - Navigated to the skincare section in the navbar.
2025-01-31 15:27:26,250 - pages.Product_Cart - INFO - Selected the product.
2025-01-31 17:48:05,875 - pages.Product_Cart - INFO - Navigated to the skincare section in the navbar.
2025-01-31 17:48:07,572 - pages.Product_Cart - INFO - Selected the product.
2025-01-31 17:49:47,859 - pages.Product_Cart - INFO - Navigated to the skincare section in the navbar.
2025-01-31 17:49:51,827 - pages.Product_Cart - INFO - Selected the product.
2025-01-31 17:49:54,541 - pages.Product_Cart - INFO - Clicked 'Add to Cart' button.
2025-01-31 17:49:57,410 - pages.Product_Cart - INFO - Clicked on checkout cart.
2025-01-31 17:49:57,688 - pages.Product_Cart - INFO - Confirmed the checkout.
2025-01-31 17:49:57,738 - pages.Product_Cart - INFO - Order confirmed with message: CHECKOUT CONFIRMATION
2025-01-31 17:50:46,950 - pages.Product_Cart - INFO - Navigated to the skincare section in the navbar.
2025-01-31 17:50:48,638 - pages.Product_Cart - INFO - Selected the product.
2025-01-31 17:50:49,058 - pages.Product_Cart - INFO - Verified product quantity: 329, and entered quantity: 330.
2025-01-31 17:50:50,970 - pages.Product_Cart - INFO - Clicked 'Add to Cart' button.
2025-01-31 17:50:52,843 - pages.Product_Cart - INFO - Checkout initiated. Confirmation message: Products marked with *** are not available in the desired quantity or out of stock!
2025-01-31 19:31:40,815 - pages.Product_Cart - INFO - Navigated to the skincare section in the navbar.
2025-01-31 19:31:42,392 - pages.Product_Cart - INFO - Selected the product.
2025-01-31 19:33:21,916 - pages.Product_Cart - INFO - Navigated to the skincare section in the navbar.
2025-01-31 19:33:23,564 - pages.Product_Cart - INFO - Selected the product.
2025-01-31 19:37:06,229 - pages.Product_Cart - INFO - Navigated to the skincare section in the navbar.
2025-01-31 19:37:08,083 - pages.Product_Cart - INFO - Selected the product.
2025-01-31 19:39:44,765 - pages.Product_Cart - INFO - Navigated to the skincare section in the navbar.
2025-01-31 19:39:46,566 - pages.Product_Cart - INFO - Selected the product.
2025-01-31 20:14:21,773 - pages.Product_Cart - INFO - Navigated to the skincare section in the navbar.
2025-01-31 20:14:23,412 - pages.Product_Cart - INFO - Selected the product.
2025-01-31 20:14:23,722 - pages.Product_Cart - INFO - Verified product quantity: 325, and entered quantity: 326.
2025-01-31 20:14:26,284 - pages.Product_Cart - INFO - Clicked 'Add to Cart' button.
2025-01-31 20:14:28,326 - pages.Product_Cart - INFO - Checkout initiated. Confirmation message: Products marked with *** are not available in the desired quantity or out of stock!
2025-02-01 15:24:00,663 - pages.Product_Cart - INFO - Navigated to the skincare section in the navbar.
2025-02-01 15:24:02,480 - pages.Product_Cart - INFO - Selected the product.
2025-02-01 15:24:04,218 - pages.Product_Cart - INFO - Clicked 'Add to Cart' button.
2025-02-01 15:24:06,653 - pages.Product_Cart - INFO - Clicked on checkout cart.
2025-02-01 15:24:07,034 - pages.Product_Cart - INFO - Confirmed the checkout.
2025-02-01 15:24:07,121 - pages.Product_Cart - INFO - Order confirmed with message: CHECKOUT CONFIRMATION
2025-02-02 16:22:20,157 - pages.Product_Cart - INFO - Navigated to the skincare section in the navbar.
2025-02-02 16:22:21,842 - pages.Product_Cart - INFO - Selected the product.
2025-02-02 16:23:49,394 - pages.Product_Cart - INFO - Navigated to the skincare section in the navbar.
2025-02-02 16:23:51,129 - pages.Product_Cart - INFO - Selected the product.
2025-02-02 16:23:52,825 - pages.Product_Cart - INFO - Clicked 'Add to Cart' button.
2025-02-02 16:23:55,469 - pages.Product_Cart - INFO - Clicked on checkout cart.
2025-02-02 16:23:55,734 - pages.Product_Cart - INFO - Confirmed the checkout.
2025-02-02 16:23:55,819 - pages.Product_Cart - INFO - Order confirmed with message: CHECKOUT CONFIRMATION
2025-02-02 16:24:36,866 - pages.Product_Cart - INFO - Navigated to the skincare section in the navbar.
2025-02-02 16:24:38,446 - pages.Product_Cart - INFO - Selected the product.
2025-02-02 16:24:38,779 - pages.Product_Cart - INFO - Verified product quantity: 305, and entered quantity: 306.
2025-02-02 16:24:40,334 - pages.Product_Cart - INFO - Clicked 'Add to Cart' button.
2025-02-02 16:24:42,142 - pages.Product_Cart - INFO - Checkout initiated. Confirmation message: Products marked with *** are not available in the desired quantity or out of stock!
2025-02-02 17:39:34,113 - pages.Product_Cart - ERROR - Failed to select the product: Message: 
Stacktrace:
	GetHandleVerifier [0x00007FF63AA76CC5+28821]
	(No symbol) [0x00007FF63A9E3850]
	(No symbol) [0x00007FF63A88578A]
	(No symbol) [0x00007FF63A8D91BE]
	(No symbol) [0x00007FF63A8D94AC]
	(No symbol) [0x00007FF63A922647]
	(No symbol) [0x00007FF63A8FF33F]
	(No symbol) [0x00007FF63A91F412]
	(No symbol) [0x00007FF63A8FF0A3]
	(No symbol) [0x00007FF63A8CA778]
	(No symbol) [0x00007FF63A8CB8E1]
	GetHandleVerifier [0x00007FF63ADAFCCD+3408029]
	GetHandleVerifier [0x00007FF63ADC743F+3504143]
	GetHandleVerifier [0x00007FF63ADBB61D+3455469]
	GetHandleVerifier [0x00007FF63AB3BDCB+835995]
	(No symbol) [0x00007FF63A9EEB6F]
	(No symbol) [0x00007FF63A9EA824]
	(No symbol) [0x00007FF63A9EA9BD]
	(No symbol) [0x00007FF63A9DA1A9]
	BaseThreadInitThunk [0x00007FF856C5E8D7+23]
	RtlUserThreadStart [0x00007FF85895FBCC+44]

2025-02-02 17:41:34,939 - pages.Product_Cart - INFO - Clicked 'Add to Cart' button.
2025-02-02 17:46:25,508 - pages.Product_Cart - INFO - Clicked 'Add to Cart' button.
2025-02-02 17:53:19,940 - pages.Product_Cart - INFO - Clicked 'Add to Cart' button.
2025-02-02 18:06:56,475 - pages.Product_Cart - INFO - Clicked 'Add to Cart' button.
2025-02-02 18:12:42,549 - pages.Product_Cart - INFO - Navigated to the skincare section in the navbar.
2025-02-02 18:12:44,016 - pages.Product_Cart - INFO - Selected the product.
2025-02-02 18:12:45,608 - pages.Product_Cart - INFO - Clicked 'Add to Cart' button.
2025-02-02 18:12:47,863 - pages.Product_Cart - INFO - Clicked on checkout cart.
2025-02-02 18:12:48,115 - pages.Product_Cart - INFO - Confirmed the checkout.
2025-02-02 18:12:48,201 - pages.Product_Cart - INFO - Order confirmed with message: CHECKOUT CONFIRMATION
2025-02-02 18:14:25,039 - pages.Product_Cart - INFO - Navigated to the skincare section in the navbar.
2025-02-02 18:14:26,601 - pages.Product_Cart - INFO - Selected the product.
2025-02-02 18:15:56,837 - pages.Product_Cart - INFO - Navigated to the skincare section in the navbar.
2025-02-02 18:15:58,351 - pages.Product_Cart - INFO - Selected the product.
2025-02-02 18:15:59,851 - pages.Product_Cart - INFO - Clicked 'Add to Cart' button.
2025-02-02 18:16:01,979 - pages.Product_Cart - INFO - Clicked on checkout cart.
2025-02-02 18:16:02,186 - pages.Product_Cart - INFO - Confirmed the checkout.
2025-02-02 18:16:02,280 - pages.Product_Cart - INFO - Order confirmed with message: CHECKOUT CONFIRMATION
2025-02-02 18:16:58,258 - pages.Product_Cart - INFO - Clicked 'Add to Cart' button.
2025-02-02 18:17:11,654 - pages.Product_Cart - INFO - Navigated to the skincare section in the navbar.
2025-02-02 18:17:13,170 - pages.Product_Cart - INFO - Selected the product.
2025-02-02 18:17:13,573 - pages.Product_Cart - INFO - Verified product quantity: 301, and entered quantity: 302.
2025-02-02 18:17:15,290 - pages.Product_Cart - INFO - Clicked 'Add to Cart' button.
2025-02-02 18:17:17,283 - pages.Product_Cart - INFO - Checkout initiated. Confirmation message: Products marked with *** are not available in the desired quantity or out of stock!
2025-02-02 18:37:49,197 - pages.Product_Cart - INFO - Navigated to the skincare section in the navbar.
2025-02-02 18:37:50,803 - pages.Product_Cart - INFO - Selected the product.
2025-02-02 18:39:20,552 - pages.Product_Cart - INFO - Navigated to the skincare section in the navbar.
2025-02-02 18:39:22,111 - pages.Product_Cart - INFO - Selected the product.
2025-02-02 18:39:23,804 - pages.Product_Cart - INFO - Clicked 'Add to Cart' button.
2025-02-02 18:39:25,809 - pages.Product_Cart - INFO - Clicked on checkout cart.
2025-02-02 18:39:26,075 - pages.Product_Cart - INFO - Confirmed the checkout.
2025-02-02 18:39:26,145 - pages.Product_Cart - INFO - Order confirmed with message: CHECKOUT CONFIRMATION
2025-02-02 18:40:17,699 - pages.Product_Cart - INFO - Clicked 'Add to Cart' button.
2025-02-02 18:40:29,734 - pages.Product_Cart - INFO - Navigated to the skincare section in the navbar.
2025-02-02 18:40:31,216 - pages.Product_Cart - INFO - Selected the product.
2025-02-02 18:40:31,533 - pages.Product_Cart - INFO - Verified product quantity: 299, and entered quantity: 300.
2025-02-02 18:40:33,189 - pages.Product_Cart - INFO - Clicked 'Add to Cart' button.
2025-02-02 18:40:35,139 - pages.Product_Cart - INFO - Checkout initiated. Confirmation message: Products marked with *** are not available in the desired quantity or out of stock!
2025-02-02 19:09:55,138 - pages.Product_Cart - INFO - Clicked 'Add to Cart' button.
2025-02-02 19:11:02,948 - pages.Product_Cart - INFO - Navigated to the skincare section in the navbar.
2025-02-02 19:11:04,263 - pages.Product_Cart - INFO - Selected the product.
2025-02-02 19:12:21,163 - pages.Product_Cart - INFO - Navigated to the skincare section in the navbar.
2025-02-02 19:12:22,498 - pages.Product_Cart - INFO - Selected the product.
2025-02-02 19:12:23,925 - pages.Product_Cart - INFO - Clicked 'Add to Cart' button.
2025-02-02 19:12:25,753 - pages.Product_Cart - INFO - Clicked on checkout cart.
2025-02-02 19:12:25,836 - pages.Product_Cart - INFO - Confirmed the checkout.
2025-02-02 19:12:25,879 - pages.Product_Cart - INFO - Order confirmed with message: CHECKOUT CONFIRMATION
2025-02-02 19:13:17,476 - pages.Product_Cart - INFO - Clicked 'Add to Cart' button.
2025-02-02 19:13:28,585 - pages.Product_Cart - INFO - Navigated to the skincare section in the navbar.
2025-02-02 19:13:29,914 - pages.Product_Cart - INFO - Selected the product.
2025-02-02 19:13:30,025 - pages.Product_Cart - INFO - Verified product quantity: 297, and entered quantity: 298.
2025-02-02 19:13:30,633 - pages.Product_Cart - INFO - Clicked 'Add to Cart' button.
2025-02-02 19:13:32,879 - pages.Product_Cart - INFO - Checkout initiated. Confirmation message: Products marked with *** are not available in the desired quantity or out of stock!
2025-02-02 23:59:08,324 - pages.Product_Cart - INFO - Navigated to the skincare section in the navbar.
2025-02-02 23:59:09,615 - pages.Product_Cart - INFO - Selected the product.
2025-02-03 00:00:21,780 - pages.Product_Cart - INFO - Navigated to the skincare section in the navbar.
2025-02-03 00:00:23,135 - pages.Product_Cart - INFO - Selected the product.
2025-02-03 00:00:24,480 - pages.Product_Cart - INFO - Clicked 'Add to Cart' button.
2025-02-03 00:00:26,268 - pages.Product_Cart - INFO - Clicked on checkout cart.
2025-02-03 00:00:26,349 - pages.Product_Cart - INFO - Confirmed the checkout.
2025-02-03 00:00:26,395 - pages.Product_Cart - INFO - Order confirmed with message: CHECKOUT CONFIRMATION
2025-02-03 00:01:22,430 - pages.Product_Cart - INFO - Navigated to the skincare section in the navbar.
2025-02-03 00:01:23,791 - pages.Product_Cart - INFO - Selected the product.
2025-02-03 00:01:23,898 - pages.Product_Cart - INFO - Verified product quantity: 295, and entered quantity: 296.
2025-02-03 00:01:25,281 - pages.Product_Cart - INFO - Clicked 'Add to Cart' button.
2025-02-03 00:01:26,888 - pages.Product_Cart - INFO - Checkout initiated. Confirmation message: Products marked with *** are not available in the desired quantity or out of stock!
2025-02-03 00:04:05,155 - pages.Product_Cart - INFO - Navigated to the skincare section in the navbar.
2025-02-03 00:04:06,405 - pages.Product_Cart - INFO - Selected the product.
2025-02-03 00:05:16,962 - pages.Product_Cart - INFO - Navigated to the skincare section in the navbar.
2025-02-03 00:05:18,832 - pages.Product_Cart - INFO - Selected the product.
2025-02-03 00:05:20,169 - pages.Product_Cart - INFO - Clicked 'Add to Cart' button.
2025-02-03 00:05:21,986 - pages.Product_Cart - INFO - Clicked on checkout cart.
2025-02-03 00:05:22,079 - pages.Product_Cart - INFO - Confirmed the checkout.
2025-02-03 00:05:22,123 - pages.Product_Cart - INFO - Order confirmed with message: CHECKOUT CONFIRMATION
2025-02-03 00:06:15,370 - pages.Product_Cart - INFO - Navigated to the skincare section in the navbar.
2025-02-03 00:06:16,629 - pages.Product_Cart - INFO - Selected the product.
2025-02-03 00:06:16,741 - pages.Product_Cart - INFO - Verified product quantity: 293, and entered quantity: 294.
2025-02-03 00:06:18,060 - pages.Product_Cart - INFO - Clicked 'Add to Cart' button.
2025-02-03 00:06:19,633 - pages.Product_Cart - INFO - Checkout initiated. Confirmation message: Products marked with *** are not available in the desired quantity or out of stock!
2025-02-03 00:15:29,394 - pages.Product_Cart - INFO - Navigated to the skincare section in the navbar.
2025-02-03 00:15:30,656 - pages.Product_Cart - INFO - Selected the product.
2025-02-03 00:16:41,054 - pages.Product_Cart - INFO - Navigated to the skincare section in the navbar.
2025-02-03 00:16:42,915 - pages.Product_Cart - INFO - Selected the product.
2025-02-03 00:16:44,262 - pages.Product_Cart - INFO - Clicked 'Add to Cart' button.
2025-02-03 00:16:46,100 - pages.Product_Cart - INFO - Clicked on checkout cart.
2025-02-03 00:16:46,200 - pages.Product_Cart - INFO - Confirmed the checkout.
2025-02-03 00:16:46,248 - pages.Product_Cart - INFO - Order confirmed with message: CHECKOUT CONFIRMATION
2025-02-03 00:17:38,991 - pages.Product_Cart - INFO - Navigated to the skincare section in the navbar.
2025-02-03 00:17:40,252 - pages.Product_Cart - INFO - Selected the product.
2025-02-03 00:17:40,372 - pages.Product_Cart - INFO - Verified product quantity: 291, and entered quantity: 292.
2025-02-03 00:17:41,725 - pages.Product_Cart - INFO - Clicked 'Add to Cart' button.
2025-02-03 00:17:43,271 - pages.Product_Cart - INFO - Checkout initiated. Confirmation message: Products marked with *** are not available in the desired quantity or out of stock!
2025-02-03 13:55:12,586 - pages.Product_Cart - INFO - Navigated to the skincare section in the navbar.
2025-02-03 13:55:14,053 - pages.Product_Cart - INFO - Selected the product.
2025-02-03 13:56:38,533 - pages.Product_Cart - INFO - Navigated to the skincare section in the navbar.
2025-02-03 13:56:40,340 - pages.Product_Cart - INFO - Selected the product.
2025-02-03 13:56:42,016 - pages.Product_Cart - INFO - Clicked 'Add to Cart' button.
2025-02-03 13:56:44,257 - pages.Product_Cart - INFO - Clicked on checkout cart.
2025-02-03 13:56:44,476 - pages.Product_Cart - INFO - Confirmed the checkout.
2025-02-03 13:56:44,533 - pages.Product_Cart - INFO - Order confirmed with message: CHECKOUT CONFIRMATION
2025-02-03 13:57:44,328 - pages.Product_Cart - INFO - Navigated to the skincare section in the navbar.
2025-02-03 13:57:45,947 - pages.Product_Cart - INFO - Selected the product.
2025-02-03 13:57:46,235 - pages.Product_Cart - INFO - Verified product quantity: 289, and entered quantity: 290.
2025-02-03 13:57:47,739 - pages.Product_Cart - INFO - Clicked 'Add to Cart' button.
2025-02-03 13:57:49,521 - pages.Product_Cart - INFO - Checkout initiated. Confirmation message: Products marked with *** are not available in the desired quantity or out of stock!
2025-02-03 16:32:55,079 - pages.Product_Cart - INFO - Navigated to the skincare section in the navbar.
2025-02-03 16:32:56,555 - pages.Product_Cart - INFO - Selected the product.
2025-02-03 16:34:20,828 - pages.Product_Cart - INFO - Navigated to the skincare section in the navbar.
2025-02-03 16:34:22,290 - pages.Product_Cart - INFO - Selected the product.
2025-02-03 16:34:23,856 - pages.Product_Cart - INFO - Clicked 'Add to Cart' button.
2025-02-03 16:34:26,007 - pages.Product_Cart - INFO - Clicked on checkout cart.
2025-02-03 16:34:26,235 - pages.Product_Cart - INFO - Confirmed the checkout.
2025-02-03 16:34:26,305 - pages.Product_Cart - INFO - Order confirmed with message: CHECKOUT CONFIRMATION
2025-02-03 16:35:26,939 - pages.Product_Cart - INFO - Navigated to the skincare section in the navbar.
2025-02-03 16:35:28,592 - pages.Product_Cart - INFO - Selected the product.
2025-02-03 16:35:29,037 - pages.Product_Cart - INFO - Verified product quantity: 287, and entered quantity: 288.
2025-02-03 16:35:30,732 - pages.Product_Cart - INFO - Clicked 'Add to Cart' button.
2025-02-03 16:35:32,700 - pages.Product_Cart - INFO - Checkout initiated. Confirmation message: Products marked with *** are not available in the desired quantity or out of stock!
